2016-08-19 11:44:47,547 [Worker-19] INFO  o.e.m.c.i.p.ProjectConfigurationManager - Collecting project info '/pom.xml' C:\Users\sj265\OneDrive\Documents\GitHub\Java\Codes after Aug 19\rest01\pom.xml
2016-08-19 11:44:50,219 [Worker-19] INFO  o.e.m.c.i.l.LifecycleMappingFactory - Using org.maven.ide.eclipse.wtp.WarLifecycleMapping lifecycle mapping for MavenProject: org.javaiw:rest01:0.0.1-SNAPSHOT @ C:\Users\sj265\OneDrive\Documents\GitHub\Java\Codes after Aug 19\rest01\pom.xml.
2016-08-19 11:44:52,518 [Worker-19] INFO  o.e.m.j.i.AbstractJavaProjectConfigurator - Adding source folder /rest01/src/main/java
2016-08-19 11:44:52,519 [Worker-19] INFO  o.e.m.j.i.AbstractJavaProjectConfigurator - Adding resource folder /rest01/src/main/resources
2016-08-19 11:44:52,533 [Worker-19] INFO  o.e.m.j.i.AbstractJavaProjectConfigurator - Adding source folder /rest01/src/test/java
2016-08-19 11:44:55,055 [Worker-19] INFO  o.e.m.c.i.p.ProjectConfigurationManager - Imported and configured 1 project(s) in 7 sec
2016-08-19 11:44:58,452 [Worker-21] INFO  o.e.m.c.i.embedder.EclipseLogger - Using 'UTF-8' encoding to copy filtered resources.
2016-08-19 11:44:58,459 [Worker-21] INFO  o.e.m.c.i.embedder.EclipseLogger - Copying 0 resource
2016-08-19 11:44:58,461 [Worker-21] INFO  o.e.m.c.i.embedder.EclipseLogger - Using 'UTF-8' encoding to copy filtered resources.
2016-08-19 11:44:58,462 [Worker-21] INFO  o.e.m.c.i.embedder.EclipseLogger - skip non existing resourceDirectory C:\Users\sj265\OneDrive\Documents\GitHub\Java\Codes after Aug 19\rest01\src\test\resources
2016-08-19 11:48:06,617 [Worker-10] INFO  o.e.m.c.i.embedder.EclipseLogger - Using 'UTF-8' encoding to copy filtered resources.
2016-08-19 11:48:06,623 [Worker-10] INFO  o.e.m.c.i.embedder.EclipseLogger - Copying 0 resource
2016-08-19 11:48:06,625 [Worker-10] INFO  o.e.m.c.i.embedder.EclipseLogger - Using 'UTF-8' encoding to copy filtered resources.
2016-08-19 11:48:06,626 [Worker-10] INFO  o.e.m.c.i.embedder.EclipseLogger - skip non existing resourceDirectory C:\Users\sj265\OneDrive\Documents\GitHub\Java\Codes after Aug 19\rest01\src\test\resources
2016-08-19 11:48:28,712 [Worker-19] INFO  o.e.m.c.i.embedder.EclipseLogger - Using 'UTF-8' encoding to copy filtered resources.
2016-08-19 11:48:28,713 [Worker-19] INFO  o.e.m.c.i.embedder.EclipseLogger - Copying 0 resource
2016-08-19 11:48:28,771 [Worker-19] INFO  o.e.m.c.i.embedder.EclipseLogger - Using 'UTF-8' encoding to copy filtered resources.
2016-08-19 11:48:28,774 [Worker-19] INFO  o.e.m.c.i.embedder.EclipseLogger - skip non existing resourceDirectory C:\Users\sj265\OneDrive\Documents\GitHub\Java\Codes after Aug 19\rest01\src\test\resources
2016-08-19 11:50:14,969 [Worker-26] INFO  o.e.m.c.i.embedder.EclipseLogger - Using 'UTF-8' encoding to copy filtered resources.
2016-08-19 11:50:14,970 [Worker-26] INFO  o.e.m.c.i.embedder.EclipseLogger - Copying 0 resource
2016-08-19 11:50:14,979 [Worker-26] INFO  o.e.m.c.i.embedder.EclipseLogger - Using 'UTF-8' encoding to copy filtered resources.
2016-08-19 11:50:14,995 [Worker-26] INFO  o.e.m.c.i.embedder.EclipseLogger - skip non existing resourceDirectory C:\Users\sj265\OneDrive\Documents\GitHub\Java\Codes after Aug 19\rest01\src\test\resources
2016-08-19 11:50:52,036 [Worker-22] INFO  o.e.m.c.i.embedder.EclipseLogger - Using 'UTF-8' encoding to copy filtered resources.
2016-08-19 11:50:52,037 [Worker-22] INFO  o.e.m.c.i.embedder.EclipseLogger - Copying 0 resource
2016-08-19 11:50:52,050 [Worker-22] INFO  o.e.m.c.i.embedder.EclipseLogger - Using 'UTF-8' encoding to copy filtered resources.
2016-08-19 11:50:52,060 [Worker-22] INFO  o.e.m.c.i.embedder.EclipseLogger - skip non existing resourceDirectory C:\Users\sj265\OneDrive\Documents\GitHub\Java\Codes after Aug 19\rest01\src\test\resources
2016-08-19 11:51:00,756 [Worker-26] INFO  o.e.m.c.i.embedder.EclipseLogger - Using 'UTF-8' encoding to copy filtered resources.
2016-08-19 11:51:00,757 [Worker-26] INFO  o.e.m.c.i.embedder.EclipseLogger - Copying 0 resource
2016-08-19 11:51:00,762 [Worker-26] INFO  o.e.m.c.i.embedder.EclipseLogger - Using 'UTF-8' encoding to copy filtered resources.
2016-08-19 11:51:00,763 [Worker-26] INFO  o.e.m.c.i.embedder.EclipseLogger - skip non existing resourceDirectory C:\Users\sj265\OneDrive\Documents\GitHub\Java\Codes after Aug 19\rest01\src\test\resources
2016-08-19 11:52:23,991 [Worker-24] INFO  o.e.m.c.i.l.LifecycleMappingFactory - Using org.maven.ide.eclipse.wtp.WarLifecycleMapping lifecycle mapping for MavenProject: org.javaiw:rest1:0.0.1-SNAPSHOT @ C:\Users\sj265\OneDrive\Documents\GitHub\Java\Raw data - Examples of Maven trial Aug 18\rest1\pom.xml.
2016-08-19 11:52:24,449 [Worker-24] INFO  o.e.m.c.i.embedder.EclipseLogger - Using 'UTF-8' encoding to copy filtered resources.
2016-08-19 11:52:24,452 [Worker-24] INFO  o.e.m.c.i.embedder.EclipseLogger - Copying 0 resource
2016-08-19 11:52:24,456 [Worker-24] INFO  o.e.m.c.i.embedder.EclipseLogger - Using 'UTF-8' encoding to copy filtered resources.
2016-08-19 11:52:24,459 [Worker-24] INFO  o.e.m.c.i.embedder.EclipseLogger - skip non existing resourceDirectory C:\Users\sj265\OneDrive\Documents\GitHub\Java\Raw data - Examples of Maven trial Aug 18\rest1\src\test\resources
2016-08-19 11:52:24,991 [Worker-29] INFO  o.e.m.c.i.embedder.EclipseLogger - Using 'UTF-8' encoding to copy filtered resources.
2016-08-19 11:52:24,995 [Worker-29] INFO  o.e.m.c.i.embedder.EclipseLogger - Copying 0 resource
2016-08-19 11:52:24,998 [Worker-29] INFO  o.e.m.c.i.embedder.EclipseLogger - Using 'UTF-8' encoding to copy filtered resources.
2016-08-19 11:52:24,999 [Worker-29] INFO  o.e.m.c.i.embedder.EclipseLogger - skip non existing resourceDirectory C:\Users\sj265\OneDrive\Documents\GitHub\Java\Raw data - Examples of Maven trial Aug 18\rest1\src\test\resources
2016-08-20 09:02:21,063 [Worker-12] INFO  o.e.m.c.i.l.LifecycleMappingFactory - Using org.maven.ide.eclipse.wtp.WarLifecycleMapping lifecycle mapping for MavenProject: org.javaiw:rest01:0.0.1-SNAPSHOT @ C:\Users\sj265\OneDrive\Documents\GitHub\Java\Codes after Aug 19\rest01\pom.xml.
2016-08-20 09:02:23,835 [Worker-12] INFO  o.e.m.c.i.embedder.EclipseLogger - Using 'UTF-8' encoding to copy filtered resources.
2016-08-20 09:02:23,839 [Worker-12] INFO  o.e.m.c.i.embedder.EclipseLogger - Copying 0 resource
2016-08-20 09:02:23,841 [Worker-12] INFO  o.e.m.c.i.embedder.EclipseLogger - Using 'UTF-8' encoding to copy filtered resources.
2016-08-20 09:02:23,841 [Worker-12] INFO  o.e.m.c.i.embedder.EclipseLogger - skip non existing resourceDirectory C:\Users\sj265\OneDrive\Documents\GitHub\Java\Codes after Aug 19\rest01\src\test\resources
2016-08-20 09:02:24,838 [Worker-12] INFO  o.e.m.c.i.l.LifecycleMappingFactory - Using org.maven.ide.eclipse.wtp.WarLifecycleMapping lifecycle mapping for MavenProject: org.javaiw:rest1:0.0.1-SNAPSHOT @ C:\Users\sj265\OneDrive\Documents\GitHub\Java\Raw data - Examples of Maven trial Aug 18\rest1\pom.xml.
2016-08-20 09:02:26,083 [Worker-12] INFO  o.e.m.c.i.embedder.EclipseLogger - Using 'UTF-8' encoding to copy filtered resources.
2016-08-20 09:02:26,084 [Worker-12] INFO  o.e.m.c.i.embedder.EclipseLogger - Copying 0 resource
2016-08-20 09:02:26,086 [Worker-12] INFO  o.e.m.c.i.embedder.EclipseLogger - Using 'UTF-8' encoding to copy filtered resources.
2016-08-20 09:02:26,086 [Worker-12] INFO  o.e.m.c.i.embedder.EclipseLogger - skip non existing resourceDirectory C:\Users\sj265\OneDrive\Documents\GitHub\Java\Raw data - Examples of Maven trial Aug 18\rest1\src\test\resources
2016-08-20 09:02:27,137 [Worker-13] INFO  o.e.m.c.i.l.LifecycleMappingFactory - Using org.maven.ide.eclipse.wtp.WarLifecycleMapping lifecycle mapping for MavenProject: org.javaiw:rest01:0.0.1-SNAPSHOT @ C:\Users\sj265\OneDrive\Documents\GitHub\Java\Codes after Aug 19\rest01\pom.xml.
2016-08-20 09:02:27,369 [Worker-13] INFO  o.e.m.c.i.l.LifecycleMappingFactory - Using org.maven.ide.eclipse.wtp.WarLifecycleMapping lifecycle mapping for MavenProject: org.javaiw:rest1:0.0.1-SNAPSHOT @ C:\Users\sj265\OneDrive\Documents\GitHub\Java\Raw data - Examples of Maven trial Aug 18\rest1\pom.xml.
2016-08-20 09:02:28,866 [Worker-14] INFO  o.e.m.c.i.embedder.EclipseLogger - Using 'UTF-8' encoding to copy filtered resources.
2016-08-20 09:02:28,869 [Worker-14] INFO  o.e.m.c.i.embedder.EclipseLogger - Copying 0 resource
2016-08-20 09:02:28,871 [Worker-14] INFO  o.e.m.c.i.embedder.EclipseLogger - Using 'UTF-8' encoding to copy filtered resources.
2016-08-20 09:02:28,871 [Worker-14] INFO  o.e.m.c.i.embedder.EclipseLogger - skip non existing resourceDirectory C:\Users\sj265\OneDrive\Documents\GitHub\Java\Codes after Aug 19\rest01\src\test\resources
2016-08-20 09:02:28,984 [Worker-14] INFO  o.e.m.c.i.embedder.EclipseLogger - Using 'UTF-8' encoding to copy filtered resources.
2016-08-20 09:02:28,984 [Worker-14] INFO  o.e.m.c.i.embedder.EclipseLogger - Copying 0 resource
2016-08-20 09:02:28,986 [Worker-14] INFO  o.e.m.c.i.embedder.EclipseLogger - Using 'UTF-8' encoding to copy filtered resources.
2016-08-20 09:02:28,986 [Worker-14] INFO  o.e.m.c.i.embedder.EclipseLogger - skip non existing resourceDirectory C:\Users\sj265\OneDrive\Documents\GitHub\Java\Raw data - Examples of Maven trial Aug 18\rest1\src\test\resources
2016-08-20 09:15:13,098 [Worker-8] INFO  o.e.m.c.i.embedder.EclipseLogger - Using 'UTF-8' encoding to copy filtered resources.
2016-08-20 09:15:13,108 [Worker-8] INFO  o.e.m.c.i.embedder.EclipseLogger - Copying 0 resource
2016-08-20 09:15:13,111 [Worker-8] INFO  o.e.m.c.i.embedder.EclipseLogger - Using 'UTF-8' encoding to copy filtered resources.
2016-08-20 09:15:13,111 [Worker-8] INFO  o.e.m.c.i.embedder.EclipseLogger - skip non existing resourceDirectory C:\Users\sj265\OneDrive\Documents\GitHub\Java\Codes after Aug 19\rest01\src\test\resources
2016-08-20 09:15:14,068 [Worker-8] INFO  o.e.m.c.i.embedder.EclipseLogger - Using 'UTF-8' encoding to copy filtered resources.
2016-08-20 09:15:14,068 [Worker-8] INFO  o.e.m.c.i.embedder.EclipseLogger - Copying 0 resource
2016-08-20 09:15:14,070 [Worker-8] INFO  o.e.m.c.i.embedder.EclipseLogger - Using 'UTF-8' encoding to copy filtered resources.
2016-08-20 09:15:14,070 [Worker-8] INFO  o.e.m.c.i.embedder.EclipseLogger - skip non existing resourceDirectory C:\Users\sj265\OneDrive\Documents\GitHub\Java\Raw data - Examples of Maven trial Aug 18\rest1\src\test\resources
2016-08-20 09:21:40,434 [Worker-14] INFO  o.e.m.c.i.embedder.EclipseLogger - Using 'UTF-8' encoding to copy filtered resources.
2016-08-20 09:21:40,444 [Worker-14] INFO  o.e.m.c.i.embedder.EclipseLogger - Copying 0 resource
2016-08-20 09:21:40,447 [Worker-14] INFO  o.e.m.c.i.embedder.EclipseLogger - Using 'UTF-8' encoding to copy filtered resources.
2016-08-20 09:21:40,448 [Worker-14] INFO  o.e.m.c.i.embedder.EclipseLogger - skip non existing resourceDirectory C:\Users\sj265\OneDrive\Documents\GitHub\Java\Codes after Aug 19\rest01\src\test\resources
2016-08-20 09:21:41,470 [Worker-14] INFO  o.e.m.c.i.embedder.EclipseLogger - Using 'UTF-8' encoding to copy filtered resources.
2016-08-20 09:21:41,470 [Worker-14] INFO  o.e.m.c.i.embedder.EclipseLogger - Copying 0 resource
2016-08-20 09:21:41,472 [Worker-14] INFO  o.e.m.c.i.embedder.EclipseLogger - Using 'UTF-8' encoding to copy filtered resources.
2016-08-20 09:21:41,472 [Worker-14] INFO  o.e.m.c.i.embedder.EclipseLogger - skip non existing resourceDirectory C:\Users\sj265\OneDrive\Documents\GitHub\Java\Raw data - Examples of Maven trial Aug 18\rest1\src\test\resources
2016-08-20 09:23:00,758 [Worker-22] INFO  o.e.m.c.i.embedder.EclipseLogger - Using 'UTF-8' encoding to copy filtered resources.
2016-08-20 09:23:00,768 [Worker-22] INFO  o.e.m.c.i.embedder.EclipseLogger - Copying 0 resource
2016-08-20 09:23:00,769 [Worker-22] INFO  o.e.m.c.i.embedder.EclipseLogger - Using 'UTF-8' encoding to copy filtered resources.
2016-08-20 09:23:00,770 [Worker-22] INFO  o.e.m.c.i.embedder.EclipseLogger - skip non existing resourceDirectory C:\Users\sj265\OneDrive\Documents\GitHub\Java\Codes after Aug 19\rest01\src\test\resources
2016-08-20 09:23:00,797 [Worker-22] INFO  o.e.m.c.i.embedder.EclipseLogger - Using 'UTF-8' encoding to copy filtered resources.
2016-08-20 09:23:00,798 [Worker-22] INFO  o.e.m.c.i.embedder.EclipseLogger - Copying 0 resource
2016-08-20 09:23:00,803 [Worker-22] INFO  o.e.m.c.i.embedder.EclipseLogger - Using 'UTF-8' encoding to copy filtered resources.
2016-08-20 09:23:00,803 [Worker-22] INFO  o.e.m.c.i.embedder.EclipseLogger - skip non existing resourceDirectory C:\Users\sj265\OneDrive\Documents\GitHub\Java\Raw data - Examples of Maven trial Aug 18\rest1\src\test\resources
2016-08-20 09:33:20,677 [Worker-16] INFO  o.e.m.c.i.embedder.EclipseLogger - Using 'UTF-8' encoding to copy filtered resources.
2016-08-20 09:33:20,683 [Worker-16] INFO  o.e.m.c.i.embedder.EclipseLogger - Copying 0 resource
2016-08-20 09:33:20,685 [Worker-16] INFO  o.e.m.c.i.embedder.EclipseLogger - Using 'UTF-8' encoding to copy filtered resources.
2016-08-20 09:33:20,686 [Worker-16] INFO  o.e.m.c.i.embedder.EclipseLogger - skip non existing resourceDirectory C:\Users\sj265\OneDrive\Documents\GitHub\Java\Codes after Aug 19\rest01\src\test\resources
2016-08-20 09:33:21,692 [Worker-16] INFO  o.e.m.c.i.embedder.EclipseLogger - Using 'UTF-8' encoding to copy filtered resources.
2016-08-20 09:33:21,693 [Worker-16] INFO  o.e.m.c.i.embedder.EclipseLogger - Copying 0 resource
2016-08-20 09:33:21,695 [Worker-16] INFO  o.e.m.c.i.embedder.EclipseLogger - Using 'UTF-8' encoding to copy filtered resources.
2016-08-20 09:33:21,695 [Worker-16] INFO  o.e.m.c.i.embedder.EclipseLogger - skip non existing resourceDirectory C:\Users\sj265\OneDrive\Documents\GitHub\Java\Raw data - Examples of Maven trial Aug 18\rest1\src\test\resources
2016-08-20 09:37:43,148 [Worker-9] INFO  o.e.m.c.i.embedder.EclipseLogger - Using 'UTF-8' encoding to copy filtered resources.
2016-08-20 09:37:43,158 [Worker-9] INFO  o.e.m.c.i.embedder.EclipseLogger - Copying 0 resource
2016-08-20 09:37:43,161 [Worker-9] INFO  o.e.m.c.i.embedder.EclipseLogger - Using 'UTF-8' encoding to copy filtered resources.
2016-08-20 09:37:43,162 [Worker-9] INFO  o.e.m.c.i.embedder.EclipseLogger - skip non existing resourceDirectory C:\Users\sj265\OneDrive\Documents\GitHub\Java\Codes after Aug 19\rest01\src\test\resources
2016-08-20 09:37:44,021 [Worker-9] INFO  o.e.m.c.i.embedder.EclipseLogger - Using 'UTF-8' encoding to copy filtered resources.
2016-08-20 09:37:44,022 [Worker-9] INFO  o.e.m.c.i.embedder.EclipseLogger - Copying 0 resource
2016-08-20 09:37:44,025 [Worker-9] INFO  o.e.m.c.i.embedder.EclipseLogger - Using 'UTF-8' encoding to copy filtered resources.
2016-08-20 09:37:44,025 [Worker-9] INFO  o.e.m.c.i.embedder.EclipseLogger - skip non existing resourceDirectory C:\Users\sj265\OneDrive\Documents\GitHub\Java\Raw data - Examples of Maven trial Aug 18\rest1\src\test\resources
2016-08-20 09:41:36,042 [Worker-2] INFO  o.e.m.c.i.embedder.EclipseLogger - Using 'UTF-8' encoding to copy filtered resources.
2016-08-20 09:41:36,050 [Worker-2] INFO  o.e.m.c.i.embedder.EclipseLogger - Copying 0 resource
2016-08-20 09:41:36,053 [Worker-2] INFO  o.e.m.c.i.embedder.EclipseLogger - Using 'UTF-8' encoding to copy filtered resources.
2016-08-20 09:41:36,053 [Worker-2] INFO  o.e.m.c.i.embedder.EclipseLogger - skip non existing resourceDirectory C:\Users\sj265\OneDrive\Documents\GitHub\Java\Codes after Aug 19\rest01\src\test\resources
2016-08-20 09:41:39,148 [Worker-9] INFO  o.e.m.c.i.embedder.EclipseLogger - Using 'UTF-8' encoding to copy filtered resources.
2016-08-20 09:41:39,149 [Worker-9] INFO  o.e.m.c.i.embedder.EclipseLogger - Copying 0 resource
2016-08-20 09:41:39,152 [Worker-9] INFO  o.e.m.c.i.embedder.EclipseLogger - Using 'UTF-8' encoding to copy filtered resources.
2016-08-20 09:41:39,152 [Worker-9] INFO  o.e.m.c.i.embedder.EclipseLogger - skip non existing resourceDirectory C:\Users\sj265\OneDrive\Documents\GitHub\Java\Raw data - Examples of Maven trial Aug 18\rest1\src\test\resources
2016-08-20 09:45:11,641 [Worker-18] INFO  o.e.m.c.i.embedder.EclipseLogger - Using 'UTF-8' encoding to copy filtered resources.
2016-08-20 09:45:11,650 [Worker-18] INFO  o.e.m.c.i.embedder.EclipseLogger - Copying 0 resource
2016-08-20 09:45:11,654 [Worker-18] INFO  o.e.m.c.i.embedder.EclipseLogger - Using 'UTF-8' encoding to copy filtered resources.
2016-08-20 09:45:11,654 [Worker-18] INFO  o.e.m.c.i.embedder.EclipseLogger - skip non existing resourceDirectory C:\Users\sj265\OneDrive\Documents\GitHub\Java\Codes after Aug 19\rest01\src\test\resources
2016-08-20 09:45:12,537 [Worker-18] INFO  o.e.m.c.i.embedder.EclipseLogger - Using 'UTF-8' encoding to copy filtered resources.
2016-08-20 09:45:12,537 [Worker-18] INFO  o.e.m.c.i.embedder.EclipseLogger - Copying 0 resource
2016-08-20 09:45:12,539 [Worker-18] INFO  o.e.m.c.i.embedder.EclipseLogger - Using 'UTF-8' encoding to copy filtered resources.
2016-08-20 09:45:12,539 [Worker-18] INFO  o.e.m.c.i.embedder.EclipseLogger - skip non existing resourceDirectory C:\Users\sj265\OneDrive\Documents\GitHub\Java\Raw data - Examples of Maven trial Aug 18\rest1\src\test\resources
2016-08-20 09:49:02,657 [Worker-4] INFO  o.e.m.c.i.embedder.EclipseLogger - Using 'UTF-8' encoding to copy filtered resources.
2016-08-20 09:49:02,667 [Worker-4] INFO  o.e.m.c.i.embedder.EclipseLogger - Copying 0 resource
2016-08-20 09:49:02,671 [Worker-4] INFO  o.e.m.c.i.embedder.EclipseLogger - Using 'UTF-8' encoding to copy filtered resources.
2016-08-20 09:49:02,671 [Worker-4] INFO  o.e.m.c.i.embedder.EclipseLogger - skip non existing resourceDirectory C:\Users\sj265\OneDrive\Documents\GitHub\Java\Codes after Aug 19\rest01\src\test\resources
2016-08-20 09:49:03,602 [Worker-4] INFO  o.e.m.c.i.embedder.EclipseLogger - Using 'UTF-8' encoding to copy filtered resources.
2016-08-20 09:49:03,603 [Worker-4] INFO  o.e.m.c.i.embedder.EclipseLogger - Copying 0 resource
2016-08-20 09:49:03,604 [Worker-4] INFO  o.e.m.c.i.embedder.EclipseLogger - Using 'UTF-8' encoding to copy filtered resources.
2016-08-20 09:49:03,605 [Worker-4] INFO  o.e.m.c.i.embedder.EclipseLogger - skip non existing resourceDirectory C:\Users\sj265\OneDrive\Documents\GitHub\Java\Raw data - Examples of Maven trial Aug 18\rest1\src\test\resources
2016-08-20 10:43:43,538 [Worker-39] INFO  o.e.m.c.i.p.ProjectConfigurationManager - Collecting project info '/pom.xml' C:\Users\sj265\OneDrive\Documents\GitHub\Java\Codes after Aug 19\rest123\pom.xml
2016-08-20 10:43:44,637 [Worker-39] INFO  o.e.m.c.i.l.LifecycleMappingFactory - Using org.maven.ide.eclipse.wtp.WarLifecycleMapping lifecycle mapping for MavenProject: org.javaiw:rest123:0.0.1-SNAPSHOT @ C:\Users\sj265\OneDrive\Documents\GitHub\Java\Codes after Aug 19\rest123\pom.xml.
2016-08-20 10:43:45,187 [Worker-39] INFO  o.e.m.j.i.AbstractJavaProjectConfigurator - Adding source folder /rest123/src/main/java
2016-08-20 10:43:45,187 [Worker-39] INFO  o.e.m.j.i.AbstractJavaProjectConfigurator - Adding resource folder /rest123/src/main/resources
2016-08-20 10:43:45,197 [Worker-39] INFO  o.e.m.j.i.AbstractJavaProjectConfigurator - Adding source folder /rest123/src/test/java
2016-08-20 10:43:46,322 [Worker-39] INFO  o.e.m.c.i.p.ProjectConfigurationManager - Imported and configured 1 project(s) in 2 sec
2016-08-20 10:43:47,375 [Worker-39] INFO  o.e.m.c.i.embedder.EclipseLogger - Using 'UTF-8' encoding to copy filtered resources.
2016-08-20 10:43:47,376 [Worker-39] INFO  o.e.m.c.i.embedder.EclipseLogger - Copying 0 resource
2016-08-20 10:43:47,382 [Worker-39] INFO  o.e.m.c.i.embedder.EclipseLogger - Using 'UTF-8' encoding to copy filtered resources.
2016-08-20 10:43:47,382 [Worker-39] INFO  o.e.m.c.i.embedder.EclipseLogger - skip non existing resourceDirectory C:\Users\sj265\OneDrive\Documents\GitHub\Java\Codes after Aug 19\rest123\src\test\resources
2016-08-20 10:46:34,794 [Worker-47] INFO  o.e.m.c.i.embedder.EclipseLogger - Using 'UTF-8' encoding to copy filtered resources.
2016-08-20 10:46:34,823 [Worker-47] INFO  o.e.m.c.i.embedder.EclipseLogger - Copying 0 resource
2016-08-20 10:46:34,830 [Worker-47] INFO  o.e.m.c.i.embedder.EclipseLogger - Using 'UTF-8' encoding to copy filtered resources.
2016-08-20 10:46:34,830 [Worker-47] INFO  o.e.m.c.i.embedder.EclipseLogger - skip non existing resourceDirectory C:\Users\sj265\OneDrive\Documents\GitHub\Java\Codes after Aug 19\rest123\src\test\resources
2016-08-20 11:00:37,281 [Worker-53] INFO  o.e.m.c.i.l.LifecycleMappingFactory - Using org.maven.ide.eclipse.wtp.WarLifecycleMapping lifecycle mapping for MavenProject: org.javaiw:rest123:0.0.1-SNAPSHOT @ C:\Users\sj265\OneDrive\Documents\GitHub\Java\Codes after Aug 19\rest123\pom.xml.
2016-08-20 11:00:38,845 [Worker-53] INFO  o.e.m.c.i.embedder.EclipseLogger - Using 'UTF-8' encoding to copy filtered resources.
2016-08-20 11:00:38,853 [Worker-53] INFO  o.e.m.c.i.embedder.EclipseLogger - Copying 0 resource
2016-08-20 11:00:38,860 [Worker-53] INFO  o.e.m.c.i.embedder.EclipseLogger - Using 'UTF-8' encoding to copy filtered resources.
2016-08-20 11:00:38,867 [Worker-53] INFO  o.e.m.c.i.embedder.EclipseLogger - skip non existing resourceDirectory C:\Users\sj265\OneDrive\Documents\GitHub\Java\Codes after Aug 19\rest123\src\test\resources
2016-08-20 11:00:38,868 [Worker-53] INFO  o.e.m.w.i.f.ResourceFilteringBuildParticipant - Changed resources require a complete clean of filtered resources of rest123
2016-08-20 11:00:38,879 [Worker-53] INFO  o.e.m.w.i.f.ResourceFilteringBuildParticipant - Executing resource filtering for rest123
2016-08-20 11:00:38,892 [Worker-53] INFO  o.e.m.c.i.embedder.EclipseLogger - Using 'UTF-8' encoding to copy filtered resources.
2016-08-20 11:00:39,484 [Worker-57] INFO  o.e.m.c.i.embedder.EclipseLogger - Using 'UTF-8' encoding to copy filtered resources.
2016-08-20 11:00:39,494 [Worker-57] INFO  o.e.m.c.i.embedder.EclipseLogger - Copying 0 resource
2016-08-20 11:00:39,503 [Worker-57] INFO  o.e.m.c.i.embedder.EclipseLogger - Using 'UTF-8' encoding to copy filtered resources.
2016-08-20 11:00:39,504 [Worker-57] INFO  o.e.m.c.i.embedder.EclipseLogger - skip non existing resourceDirectory C:\Users\sj265\OneDrive\Documents\GitHub\Java\Codes after Aug 19\rest123\src\test\resources
2016-08-20 11:01:26,682 [Worker-59] INFO  o.e.m.c.i.l.LifecycleMappingFactory - Using org.maven.ide.eclipse.wtp.WarLifecycleMapping lifecycle mapping for MavenProject: org.javaiw:rest123:0.0.1-SNAPSHOT @ C:\Users\sj265\OneDrive\Documents\GitHub\Java\Codes after Aug 19\rest123\pom.xml.
2016-08-20 11:01:26,971 [Worker-59] INFO  o.e.m.c.i.embedder.EclipseLogger - Using 'UTF-8' encoding to copy filtered resources.
2016-08-20 11:01:26,972 [Worker-59] INFO  o.e.m.c.i.embedder.EclipseLogger - Copying 0 resource
2016-08-20 11:01:26,973 [Worker-59] INFO  o.e.m.c.i.embedder.EclipseLogger - Using 'UTF-8' encoding to copy filtered resources.
2016-08-20 11:01:26,973 [Worker-59] INFO  o.e.m.c.i.embedder.EclipseLogger - skip non existing resourceDirectory C:\Users\sj265\OneDrive\Documents\GitHub\Java\Codes after Aug 19\rest123\src\test\resources
2016-08-20 11:01:26,973 [Worker-59] INFO  o.e.m.w.i.f.ResourceFilteringBuildParticipant - Changed resources require a complete clean of filtered resources of rest123
2016-08-20 11:01:26,978 [Worker-59] INFO  o.e.m.w.i.f.ResourceFilteringBuildParticipant - Executing resource filtering for rest123
2016-08-20 11:01:26,985 [Worker-59] INFO  o.e.m.c.i.embedder.EclipseLogger - Using 'UTF-8' encoding to copy filtered resources.
2016-08-20 11:01:28,266 [Worker-59] INFO  o.e.m.c.i.embedder.EclipseLogger - Using 'UTF-8' encoding to copy filtered resources.
2016-08-20 11:01:28,266 [Worker-59] INFO  o.e.m.c.i.embedder.EclipseLogger - Copying 0 resource
2016-08-20 11:01:28,271 [Worker-59] INFO  o.e.m.c.i.embedder.EclipseLogger - Using 'UTF-8' encoding to copy filtered resources.
2016-08-20 11:01:28,272 [Worker-59] INFO  o.e.m.c.i.embedder.EclipseLogger - skip non existing resourceDirectory C:\Users\sj265\OneDrive\Documents\GitHub\Java\Codes after Aug 19\rest123\src\test\resources
2016-08-20 11:03:46,663 [Worker-56] INFO  o.e.m.c.i.embedder.EclipseLogger - Using 'UTF-8' encoding to copy filtered resources.
2016-08-20 11:03:46,664 [Worker-56] INFO  o.e.m.c.i.embedder.EclipseLogger - Copying 0 resource
2016-08-20 11:03:46,670 [Worker-56] INFO  o.e.m.c.i.embedder.EclipseLogger - Using 'UTF-8' encoding to copy filtered resources.
2016-08-20 11:03:46,674 [Worker-56] INFO  o.e.m.c.i.embedder.EclipseLogger - skip non existing resourceDirectory C:\Users\sj265\OneDrive\Documents\GitHub\Java\Codes after Aug 19\rest123\src\test\resources
2016-08-20 11:04:35,170 [Worker-60] INFO  o.e.m.c.i.embedder.EclipseLogger - Using 'UTF-8' encoding to copy filtered resources.
2016-08-20 11:04:35,178 [Worker-60] INFO  o.e.m.c.i.embedder.EclipseLogger - Copying 0 resource
2016-08-20 11:04:35,184 [Worker-60] INFO  o.e.m.c.i.embedder.EclipseLogger - Using 'UTF-8' encoding to copy filtered resources.
2016-08-20 11:04:35,194 [Worker-60] INFO  o.e.m.c.i.embedder.EclipseLogger - skip non existing resourceDirectory C:\Users\sj265\OneDrive\Documents\GitHub\Java\Codes after Aug 19\rest123\src\test\resources
2016-08-20 11:05:02,036 [Worker-57] INFO  o.e.m.c.i.embedder.EclipseLogger - Using 'UTF-8' encoding to copy filtered resources.
2016-08-20 11:05:02,037 [Worker-57] INFO  o.e.m.c.i.embedder.EclipseLogger - Copying 0 resource
2016-08-20 11:05:02,041 [Worker-57] INFO  o.e.m.c.i.embedder.EclipseLogger - Using 'UTF-8' encoding to copy filtered resources.
2016-08-20 11:05:02,041 [Worker-57] INFO  o.e.m.c.i.embedder.EclipseLogger - skip non existing resourceDirectory C:\Users\sj265\OneDrive\Documents\GitHub\Java\Codes after Aug 19\rest123\src\test\resources
2016-08-20 11:13:21,237 [Worker-67] INFO  o.e.m.c.i.embedder.EclipseLogger - Using 'UTF-8' encoding to copy filtered resources.
2016-08-20 11:13:21,243 [Worker-67] INFO  o.e.m.c.i.embedder.EclipseLogger - Copying 0 resource
2016-08-20 11:13:21,252 [Worker-67] INFO  o.e.m.c.i.embedder.EclipseLogger - Using 'UTF-8' encoding to copy filtered resources.
2016-08-20 11:13:21,257 [Worker-67] INFO  o.e.m.c.i.embedder.EclipseLogger - skip non existing resourceDirectory C:\Users\sj265\OneDrive\Documents\GitHub\Java\Codes after Aug 19\rest123\src\test\resources
2016-08-20 11:16:18,908 [Worker-66] INFO  o.e.m.c.i.embedder.EclipseLogger - Using 'UTF-8' encoding to copy filtered resources.
2016-08-20 11:16:18,909 [Worker-66] INFO  o.e.m.c.i.embedder.EclipseLogger - Copying 0 resource
2016-08-20 11:16:18,944 [Worker-66] INFO  o.e.m.c.i.embedder.EclipseLogger - Using 'UTF-8' encoding to copy filtered resources.
2016-08-20 11:16:18,953 [Worker-66] INFO  o.e.m.c.i.embedder.EclipseLogger - skip non existing resourceDirectory C:\Users\sj265\OneDrive\Documents\GitHub\Java\Codes after Aug 19\rest123\src\test\resources
2016-08-20 11:20:20,040 [Worker-71] INFO  o.e.m.c.i.embedder.EclipseLogger - Using 'UTF-8' encoding to copy filtered resources.
2016-08-20 11:20:20,041 [Worker-71] INFO  o.e.m.c.i.embedder.EclipseLogger - Copying 0 resource
2016-08-20 11:20:20,054 [Worker-71] INFO  o.e.m.c.i.embedder.EclipseLogger - Using 'UTF-8' encoding to copy filtered resources.
2016-08-20 11:20:20,055 [Worker-71] INFO  o.e.m.c.i.embedder.EclipseLogger - skip non existing resourceDirectory C:\Users\sj265\OneDrive\Documents\GitHub\Java\Codes after Aug 19\rest123\src\test\resources
2016-08-20 11:41:29,558 [Worker-78] INFO  o.e.m.c.i.embedder.EclipseLogger - Using 'UTF-8' encoding to copy filtered resources.
2016-08-20 11:41:29,559 [Worker-78] INFO  o.e.m.c.i.embedder.EclipseLogger - Copying 0 resource
2016-08-20 11:41:29,564 [Worker-78] INFO  o.e.m.c.i.embedder.EclipseLogger - Using 'UTF-8' encoding to copy filtered resources.
2016-08-20 11:41:29,564 [Worker-78] INFO  o.e.m.c.i.embedder.EclipseLogger - skip non existing resourceDirectory C:\Users\sj265\OneDrive\Documents\GitHub\Java\Codes after Aug 19\rest123\src\test\resources
2016-08-20 11:44:14,085 [Worker-81] INFO  o.e.m.c.i.embedder.EclipseLogger - Using 'UTF-8' encoding to copy filtered resources.
2016-08-20 11:44:14,086 [Worker-81] INFO  o.e.m.c.i.embedder.EclipseLogger - Copying 0 resource
2016-08-20 11:44:14,096 [Worker-81] INFO  o.e.m.c.i.embedder.EclipseLogger - Using 'UTF-8' encoding to copy filtered resources.
2016-08-20 11:44:14,096 [Worker-81] INFO  o.e.m.c.i.embedder.EclipseLogger - skip non existing resourceDirectory C:\Users\sj265\OneDrive\Documents\GitHub\Java\Codes after Aug 19\rest123\src\test\resources
2016-08-20 11:44:47,612 [Worker-85] INFO  o.e.m.c.i.embedder.EclipseLogger - Using 'UTF-8' encoding to copy filtered resources.
2016-08-20 11:44:47,613 [Worker-85] INFO  o.e.m.c.i.embedder.EclipseLogger - Copying 0 resource
2016-08-20 11:44:47,623 [Worker-85] INFO  o.e.m.c.i.embedder.EclipseLogger - Using 'UTF-8' encoding to copy filtered resources.
2016-08-20 11:44:47,624 [Worker-85] INFO  o.e.m.c.i.embedder.EclipseLogger - skip non existing resourceDirectory C:\Users\sj265\OneDrive\Documents\GitHub\Java\Codes after Aug 19\rest123\src\test\resources
2016-08-20 11:45:27,517 [Worker-80] INFO  o.e.m.c.i.embedder.EclipseLogger - Using 'UTF-8' encoding to copy filtered resources.
2016-08-20 11:45:27,518 [Worker-80] INFO  o.e.m.c.i.embedder.EclipseLogger - Copying 0 resource
2016-08-20 11:45:27,548 [Worker-80] INFO  o.e.m.c.i.embedder.EclipseLogger - Using 'UTF-8' encoding to copy filtered resources.
2016-08-20 11:45:27,556 [Worker-80] INFO  o.e.m.c.i.embedder.EclipseLogger - skip non existing resourceDirectory C:\Users\sj265\OneDrive\Documents\GitHub\Java\Codes after Aug 19\rest123\src\test\resources
2016-08-20 11:45:44,232 [Worker-86] INFO  o.e.m.c.i.embedder.EclipseLogger - Using 'UTF-8' encoding to copy filtered resources.
2016-08-20 11:45:44,235 [Worker-86] INFO  o.e.m.c.i.embedder.EclipseLogger - Copying 0 resource
2016-08-20 11:45:44,255 [Worker-86] INFO  o.e.m.c.i.embedder.EclipseLogger - Using 'UTF-8' encoding to copy filtered resources.
2016-08-20 11:45:44,255 [Worker-86] INFO  o.e.m.c.i.embedder.EclipseLogger - skip non existing resourceDirectory C:\Users\sj265\OneDrive\Documents\GitHub\Java\Codes after Aug 19\rest123\src\test\resources
2016-08-20 11:46:21,646 [Worker-87] INFO  o.e.m.c.i.embedder.EclipseLogger - Using 'UTF-8' encoding to copy filtered resources.
2016-08-20 11:46:21,646 [Worker-87] INFO  o.e.m.c.i.embedder.EclipseLogger - Copying 0 resource
2016-08-20 11:46:21,656 [Worker-87] INFO  o.e.m.c.i.embedder.EclipseLogger - Using 'UTF-8' encoding to copy filtered resources.
2016-08-20 11:46:21,656 [Worker-87] INFO  o.e.m.c.i.embedder.EclipseLogger - skip non existing resourceDirectory C:\Users\sj265\OneDrive\Documents\GitHub\Java\Codes after Aug 19\rest123\src\test\resources
2016-08-20 11:47:07,095 [Worker-80] INFO  o.e.m.c.i.embedder.EclipseLogger - Using 'UTF-8' encoding to copy filtered resources.
2016-08-20 11:47:07,096 [Worker-80] INFO  o.e.m.c.i.embedder.EclipseLogger - Copying 0 resource
2016-08-20 11:47:07,104 [Worker-80] INFO  o.e.m.c.i.embedder.EclipseLogger - Using 'UTF-8' encoding to copy filtered resources.
2016-08-20 11:47:07,105 [Worker-80] INFO  o.e.m.c.i.embedder.EclipseLogger - skip non existing resourceDirectory C:\Users\sj265\OneDrive\Documents\GitHub\Java\Codes after Aug 19\rest123\src\test\resources
2016-08-20 11:47:26,775 [Worker-80] INFO  o.e.m.c.i.embedder.EclipseLogger - Using 'UTF-8' encoding to copy filtered resources.
2016-08-20 11:47:26,777 [Worker-80] INFO  o.e.m.c.i.embedder.EclipseLogger - Copying 0 resource
2016-08-20 11:47:26,784 [Worker-80] INFO  o.e.m.c.i.embedder.EclipseLogger - Using 'UTF-8' encoding to copy filtered resources.
2016-08-20 11:47:26,785 [Worker-80] INFO  o.e.m.c.i.embedder.EclipseLogger - skip non existing resourceDirectory C:\Users\sj265\OneDrive\Documents\GitHub\Java\Codes after Aug 19\rest123\src\test\resources
2016-08-20 11:50:31,013 [Worker-81] INFO  o.e.m.c.i.embedder.EclipseLogger - Using 'UTF-8' encoding to copy filtered resources.
2016-08-20 11:50:31,015 [Worker-81] INFO  o.e.m.c.i.embedder.EclipseLogger - Copying 0 resource
2016-08-20 11:50:31,027 [Worker-81] INFO  o.e.m.c.i.embedder.EclipseLogger - Using 'UTF-8' encoding to copy filtered resources.
2016-08-20 11:50:31,028 [Worker-81] INFO  o.e.m.c.i.embedder.EclipseLogger - skip non existing resourceDirectory C:\Users\sj265\OneDrive\Documents\GitHub\Java\Codes after Aug 19\rest123\src\test\resources
2016-08-20 11:50:54,505 [Worker-81] INFO  o.e.m.c.i.embedder.EclipseLogger - Using 'UTF-8' encoding to copy filtered resources.
2016-08-20 11:50:54,506 [Worker-81] INFO  o.e.m.c.i.embedder.EclipseLogger - Copying 0 resource
2016-08-20 11:50:54,516 [Worker-81] INFO  o.e.m.c.i.embedder.EclipseLogger - Using 'UTF-8' encoding to copy filtered resources.
2016-08-20 11:50:54,517 [Worker-81] INFO  o.e.m.c.i.embedder.EclipseLogger - skip non existing resourceDirectory C:\Users\sj265\OneDrive\Documents\GitHub\Java\Codes after Aug 19\rest123\src\test\resources
2016-08-20 11:53:37,651 [Worker-89] INFO  o.e.m.c.i.embedder.EclipseLogger - Using 'UTF-8' encoding to copy filtered resources.
2016-08-20 11:53:37,652 [Worker-89] INFO  o.e.m.c.i.embedder.EclipseLogger - Copying 0 resource
2016-08-20 11:53:37,659 [Worker-89] INFO  o.e.m.c.i.embedder.EclipseLogger - Using 'UTF-8' encoding to copy filtered resources.
2016-08-20 11:53:37,659 [Worker-89] INFO  o.e.m.c.i.embedder.EclipseLogger - skip non existing resourceDirectory C:\Users\sj265\OneDrive\Documents\GitHub\Java\Codes after Aug 19\rest123\src\test\resources
2016-08-20 11:53:55,080 [Worker-86] INFO  o.e.m.c.i.embedder.EclipseLogger - Using 'UTF-8' encoding to copy filtered resources.
2016-08-20 11:53:55,081 [Worker-86] INFO  o.e.m.c.i.embedder.EclipseLogger - Copying 0 resource
2016-08-20 11:53:55,092 [Worker-86] INFO  o.e.m.c.i.embedder.EclipseLogger - Using 'UTF-8' encoding to copy filtered resources.
2016-08-20 11:53:55,092 [Worker-86] INFO  o.e.m.c.i.embedder.EclipseLogger - skip non existing resourceDirectory C:\Users\sj265\OneDrive\Documents\GitHub\Java\Codes after Aug 19\rest123\src\test\resources
2016-08-20 11:54:38,785 [Worker-91] INFO  o.e.m.c.i.embedder.EclipseLogger - Using 'UTF-8' encoding to copy filtered resources.
2016-08-20 11:54:38,786 [Worker-91] INFO  o.e.m.c.i.embedder.EclipseLogger - Copying 0 resource
2016-08-20 11:54:38,794 [Worker-91] INFO  o.e.m.c.i.embedder.EclipseLogger - Using 'UTF-8' encoding to copy filtered resources.
2016-08-20 11:54:38,795 [Worker-91] INFO  o.e.m.c.i.embedder.EclipseLogger - skip non existing resourceDirectory C:\Users\sj265\OneDrive\Documents\GitHub\Java\Codes after Aug 19\rest123\src\test\resources
2016-08-20 11:54:47,992 [Worker-81] INFO  o.e.m.c.i.embedder.EclipseLogger - Using 'UTF-8' encoding to copy filtered resources.
2016-08-20 11:54:47,993 [Worker-81] INFO  o.e.m.c.i.embedder.EclipseLogger - Copying 0 resource
2016-08-20 11:54:48,007 [Worker-81] INFO  o.e.m.c.i.embedder.EclipseLogger - Using 'UTF-8' encoding to copy filtered resources.
2016-08-20 11:54:48,008 [Worker-81] INFO  o.e.m.c.i.embedder.EclipseLogger - skip non existing resourceDirectory C:\Users\sj265\OneDrive\Documents\GitHub\Java\Codes after Aug 19\rest123\src\test\resources
2016-08-20 11:55:36,256 [Worker-90] INFO  o.e.m.c.i.embedder.EclipseLogger - Using 'UTF-8' encoding to copy filtered resources.
2016-08-20 11:55:36,256 [Worker-90] INFO  o.e.m.c.i.embedder.EclipseLogger - Copying 0 resource
2016-08-20 11:55:36,262 [Worker-90] INFO  o.e.m.c.i.embedder.EclipseLogger - Using 'UTF-8' encoding to copy filtered resources.
2016-08-20 11:55:36,262 [Worker-90] INFO  o.e.m.c.i.embedder.EclipseLogger - skip non existing resourceDirectory C:\Users\sj265\OneDrive\Documents\GitHub\Java\Codes after Aug 19\rest123\src\test\resources
2016-08-20 11:56:42,893 [Worker-92] INFO  o.e.m.c.i.embedder.EclipseLogger - Using 'UTF-8' encoding to copy filtered resources.
2016-08-20 11:56:42,894 [Worker-92] INFO  o.e.m.c.i.embedder.EclipseLogger - Copying 0 resource
2016-08-20 11:56:42,899 [Worker-92] INFO  o.e.m.c.i.embedder.EclipseLogger - Using 'UTF-8' encoding to copy filtered resources.
2016-08-20 11:56:42,899 [Worker-92] INFO  o.e.m.c.i.embedder.EclipseLogger - skip non existing resourceDirectory C:\Users\sj265\OneDrive\Documents\GitHub\Java\Codes after Aug 19\rest123\src\test\resources
2016-08-20 11:57:17,064 [Worker-81] INFO  o.e.m.c.i.embedder.EclipseLogger - Using 'UTF-8' encoding to copy filtered resources.
2016-08-20 11:57:17,065 [Worker-81] INFO  o.e.m.c.i.embedder.EclipseLogger - Copying 0 resource
2016-08-20 11:57:17,072 [Worker-81] INFO  o.e.m.c.i.embedder.EclipseLogger - Using 'UTF-8' encoding to copy filtered resources.
2016-08-20 11:57:17,079 [Worker-81] INFO  o.e.m.c.i.embedder.EclipseLogger - skip non existing resourceDirectory C:\Users\sj265\OneDrive\Documents\GitHub\Java\Codes after Aug 19\rest123\src\test\resources
2016-08-20 11:57:34,319 [Worker-81] INFO  o.e.m.c.i.embedder.EclipseLogger - Using 'UTF-8' encoding to copy filtered resources.
2016-08-20 11:57:34,320 [Worker-81] INFO  o.e.m.c.i.embedder.EclipseLogger - Copying 0 resource
2016-08-20 11:57:34,329 [Worker-81] INFO  o.e.m.c.i.embedder.EclipseLogger - Using 'UTF-8' encoding to copy filtered resources.
2016-08-20 11:57:34,329 [Worker-81] INFO  o.e.m.c.i.embedder.EclipseLogger - skip non existing resourceDirectory C:\Users\sj265\OneDrive\Documents\GitHub\Java\Codes after Aug 19\rest123\src\test\resources
2016-08-20 11:57:58,683 [Worker-91] INFO  o.e.m.c.i.embedder.EclipseLogger - Using 'UTF-8' encoding to copy filtered resources.
2016-08-20 11:57:58,684 [Worker-91] INFO  o.e.m.c.i.embedder.EclipseLogger - Copying 0 resource
2016-08-20 11:57:58,712 [Worker-91] INFO  o.e.m.c.i.embedder.EclipseLogger - Using 'UTF-8' encoding to copy filtered resources.
2016-08-20 11:57:58,713 [Worker-91] INFO  o.e.m.c.i.embedder.EclipseLogger - skip non existing resourceDirectory C:\Users\sj265\OneDrive\Documents\GitHub\Java\Codes after Aug 19\rest123\src\test\resources
2016-08-20 11:59:15,517 [Worker-86] INFO  o.e.m.c.i.l.LifecycleMappingFactory - Using org.maven.ide.eclipse.wtp.WarLifecycleMapping lifecycle mapping for MavenProject: org.javaiw:rest123:0.0.1-SNAPSHOT @ C:\Users\sj265\OneDrive\Documents\GitHub\Java\Codes after Aug 19\rest123\pom.xml.
2016-08-20 11:59:16,064 [Worker-86] INFO  o.e.m.c.i.embedder.EclipseLogger - Using 'UTF-8' encoding to copy filtered resources.
2016-08-20 11:59:16,072 [Worker-86] INFO  o.e.m.c.i.embedder.EclipseLogger - Copying 0 resource
2016-08-20 11:59:16,078 [Worker-86] INFO  o.e.m.c.i.embedder.EclipseLogger - Using 'UTF-8' encoding to copy filtered resources.
2016-08-20 11:59:16,078 [Worker-86] INFO  o.e.m.c.i.embedder.EclipseLogger - skip non existing resourceDirectory C:\Users\sj265\OneDrive\Documents\GitHub\Java\Codes after Aug 19\rest123\src\test\resources
2016-08-20 11:59:16,078 [Worker-86] INFO  o.e.m.w.i.f.ResourceFilteringBuildParticipant - Changed resources require a complete clean of filtered resources of rest123
2016-08-20 11:59:16,083 [Worker-86] INFO  o.e.m.w.i.f.ResourceFilteringBuildParticipant - Executing resource filtering for rest123
2016-08-20 11:59:16,087 [Worker-86] INFO  o.e.m.c.i.embedder.EclipseLogger - Using 'UTF-8' encoding to copy filtered resources.
2016-08-20 11:59:17,403 [Worker-92] INFO  o.e.m.c.i.embedder.EclipseLogger - Using 'UTF-8' encoding to copy filtered resources.
2016-08-20 11:59:17,404 [Worker-92] INFO  o.e.m.c.i.embedder.EclipseLogger - Copying 0 resource
2016-08-20 11:59:17,405 [Worker-92] INFO  o.e.m.c.i.embedder.EclipseLogger - Using 'UTF-8' encoding to copy filtered resources.
2016-08-20 11:59:17,405 [Worker-92] INFO  o.e.m.c.i.embedder.EclipseLogger - skip non existing resourceDirectory C:\Users\sj265\OneDrive\Documents\GitHub\Java\Codes after Aug 19\rest123\src\test\resources
2016-08-20 12:01:38,454 [Worker-73] INFO  o.e.m.c.i.embedder.EclipseLogger - Using 'UTF-8' encoding to copy filtered resources.
2016-08-20 12:01:38,456 [Worker-73] INFO  o.e.m.c.i.embedder.EclipseLogger - Copying 0 resource
2016-08-20 12:01:38,466 [Worker-73] INFO  o.e.m.c.i.embedder.EclipseLogger - Using 'UTF-8' encoding to copy filtered resources.
2016-08-20 12:01:38,467 [Worker-73] INFO  o.e.m.c.i.embedder.EclipseLogger - skip non existing resourceDirectory C:\Users\sj265\OneDrive\Documents\GitHub\Java\Codes after Aug 19\rest123\src\test\resources
2016-08-20 12:58:12,978 [Worker-110] INFO  o.e.m.c.i.embedder.EclipseLogger - Using 'UTF-8' encoding to copy filtered resources.
2016-08-20 12:58:12,978 [Worker-110] INFO  o.e.m.c.i.embedder.EclipseLogger - Copying 0 resource
2016-08-20 12:58:12,986 [Worker-110] INFO  o.e.m.c.i.embedder.EclipseLogger - Using 'UTF-8' encoding to copy filtered resources.
2016-08-20 12:58:12,988 [Worker-110] INFO  o.e.m.c.i.embedder.EclipseLogger - skip non existing resourceDirectory C:\Users\sj265\OneDrive\Documents\GitHub\Java\Codes after Aug 19\rest123\src\test\resources
2016-08-20 13:00:52,957 [Worker-115] INFO  o.e.m.c.i.embedder.EclipseLogger - Using 'UTF-8' encoding to copy filtered resources.
2016-08-20 13:00:52,959 [Worker-115] INFO  o.e.m.c.i.embedder.EclipseLogger - Copying 0 resource
2016-08-20 13:00:52,965 [Worker-115] INFO  o.e.m.c.i.embedder.EclipseLogger - Using 'UTF-8' encoding to copy filtered resources.
2016-08-20 13:00:52,969 [Worker-115] INFO  o.e.m.c.i.embedder.EclipseLogger - skip non existing resourceDirectory C:\Users\sj265\OneDrive\Documents\GitHub\Java\Codes after Aug 19\rest123\src\test\resources
2016-08-20 13:07:59,902 [Worker-120] INFO  o.e.m.c.i.embedder.EclipseLogger - Using 'UTF-8' encoding to copy filtered resources.
2016-08-20 13:07:59,903 [Worker-120] INFO  o.e.m.c.i.embedder.EclipseLogger - Copying 0 resource
2016-08-20 13:07:59,909 [Worker-120] INFO  o.e.m.c.i.embedder.EclipseLogger - Using 'UTF-8' encoding to copy filtered resources.
2016-08-20 13:07:59,914 [Worker-120] INFO  o.e.m.c.i.embedder.EclipseLogger - skip non existing resourceDirectory C:\Users\sj265\OneDrive\Documents\GitHub\Java\Codes after Aug 19\rest123\src\test\resources
2016-08-20 13:10:01,300 [Worker-122] INFO  o.e.m.c.i.embedder.EclipseLogger - Using 'UTF-8' encoding to copy filtered resources.
2016-08-20 13:10:01,301 [Worker-122] INFO  o.e.m.c.i.embedder.EclipseLogger - Copying 0 resource
2016-08-20 13:10:01,308 [Worker-122] INFO  o.e.m.c.i.embedder.EclipseLogger - Using 'UTF-8' encoding to copy filtered resources.
2016-08-20 13:10:01,314 [Worker-122] INFO  o.e.m.c.i.embedder.EclipseLogger - skip non existing resourceDirectory C:\Users\sj265\OneDrive\Documents\GitHub\Java\Codes after Aug 19\rest123\src\test\resources
2016-08-20 13:10:27,729 [Worker-120] INFO  o.e.m.c.i.embedder.EclipseLogger - Using 'UTF-8' encoding to copy filtered resources.
2016-08-20 13:10:27,730 [Worker-120] INFO  o.e.m.c.i.embedder.EclipseLogger - Copying 0 resource
2016-08-20 13:10:27,736 [Worker-120] INFO  o.e.m.c.i.embedder.EclipseLogger - Using 'UTF-8' encoding to copy filtered resources.
2016-08-20 13:10:27,741 [Worker-120] INFO  o.e.m.c.i.embedder.EclipseLogger - skip non existing resourceDirectory C:\Users\sj265\OneDrive\Documents\GitHub\Java\Codes after Aug 19\rest123\src\test\resources
2016-08-20 13:11:31,745 [Worker-122] INFO  o.e.m.c.i.embedder.EclipseLogger - Using 'UTF-8' encoding to copy filtered resources.
2016-08-20 13:11:31,746 [Worker-122] INFO  o.e.m.c.i.embedder.EclipseLogger - Copying 0 resource
2016-08-20 13:11:31,751 [Worker-122] INFO  o.e.m.c.i.embedder.EclipseLogger - Using 'UTF-8' encoding to copy filtered resources.
2016-08-20 13:11:31,751 [Worker-122] INFO  o.e.m.c.i.embedder.EclipseLogger - skip non existing resourceDirectory C:\Users\sj265\OneDrive\Documents\GitHub\Java\Codes after Aug 19\rest123\src\test\resources
2016-08-20 13:12:13,128 [Worker-119] INFO  o.e.m.c.i.embedder.EclipseLogger - Using 'UTF-8' encoding to copy filtered resources.
2016-08-20 13:12:13,129 [Worker-119] INFO  o.e.m.c.i.embedder.EclipseLogger - Copying 0 resource
2016-08-20 13:12:13,134 [Worker-119] INFO  o.e.m.c.i.embedder.EclipseLogger - Using 'UTF-8' encoding to copy filtered resources.
2016-08-20 13:12:13,135 [Worker-119] INFO  o.e.m.c.i.embedder.EclipseLogger - skip non existing resourceDirectory C:\Users\sj265\OneDrive\Documents\GitHub\Java\Codes after Aug 19\rest123\src\test\resources
2016-08-20 13:14:48,973 [Worker-120] INFO  o.e.m.c.i.embedder.EclipseLogger - Using 'UTF-8' encoding to copy filtered resources.
2016-08-20 13:14:48,973 [Worker-120] INFO  o.e.m.c.i.embedder.EclipseLogger - Copying 0 resource
2016-08-20 13:14:48,977 [Worker-120] INFO  o.e.m.c.i.embedder.EclipseLogger - Using 'UTF-8' encoding to copy filtered resources.
2016-08-20 13:14:48,978 [Worker-120] INFO  o.e.m.c.i.embedder.EclipseLogger - skip non existing resourceDirectory C:\Users\sj265\OneDrive\Documents\GitHub\Java\Codes after Aug 19\rest123\src\test\resources
2016-08-20 13:16:19,807 [Worker-120] INFO  o.e.m.c.i.embedder.EclipseLogger - Using 'UTF-8' encoding to copy filtered resources.
2016-08-20 13:16:19,807 [Worker-120] INFO  o.e.m.c.i.embedder.EclipseLogger - Copying 0 resource
2016-08-20 13:16:19,813 [Worker-120] INFO  o.e.m.c.i.embedder.EclipseLogger - Using 'UTF-8' encoding to copy filtered resources.
2016-08-20 13:16:19,813 [Worker-120] INFO  o.e.m.c.i.embedder.EclipseLogger - skip non existing resourceDirectory C:\Users\sj265\OneDrive\Documents\GitHub\Java\Codes after Aug 19\rest123\src\test\resources
2016-08-20 13:16:36,499 [Worker-122] INFO  o.e.m.c.i.embedder.EclipseLogger - Using 'UTF-8' encoding to copy filtered resources.
2016-08-20 13:16:36,500 [Worker-122] INFO  o.e.m.c.i.embedder.EclipseLogger - Copying 0 resource
2016-08-20 13:16:36,510 [Worker-122] INFO  o.e.m.c.i.embedder.EclipseLogger - Using 'UTF-8' encoding to copy filtered resources.
2016-08-20 13:16:36,511 [Worker-122] INFO  o.e.m.c.i.embedder.EclipseLogger - skip non existing resourceDirectory C:\Users\sj265\OneDrive\Documents\GitHub\Java\Codes after Aug 19\rest123\src\test\resources
2016-08-20 13:20:23,109 [Worker-122] INFO  o.e.m.c.i.p.ProjectConfigurationManager - Collecting project info '/pom.xml' C:\Users\sj265\OneDrive\Documents\GitHub\Java\Codes after Aug 19\restfull\pom.xml
2016-08-20 13:20:23,437 [Worker-122] INFO  o.e.m.c.i.l.LifecycleMappingFactory - Using org.maven.ide.eclipse.wtp.WarLifecycleMapping lifecycle mapping for MavenProject: org.javaiw:restfull:0.0.1-SNAPSHOT @ C:\Users\sj265\OneDrive\Documents\GitHub\Java\Codes after Aug 19\restfull\pom.xml.
2016-08-20 13:20:23,882 [Worker-122] INFO  o.e.m.j.i.AbstractJavaProjectConfigurator - Adding source folder /restfull/src/main/java
2016-08-20 13:20:23,882 [Worker-122] INFO  o.e.m.j.i.AbstractJavaProjectConfigurator - Adding resource folder /restfull/src/main/resources
2016-08-20 13:20:23,891 [Worker-122] INFO  o.e.m.j.i.AbstractJavaProjectConfigurator - Adding source folder /restfull/src/test/java
2016-08-20 13:20:24,301 [Worker-122] INFO  o.e.m.c.i.p.ProjectConfigurationManager - Imported and configured 1 project(s) in 1 sec
2016-08-20 13:20:25,017 [Worker-128] INFO  o.e.m.c.i.embedder.EclipseLogger - Using 'UTF-8' encoding to copy filtered resources.
2016-08-20 13:20:25,018 [Worker-128] INFO  o.e.m.c.i.embedder.EclipseLogger - Copying 0 resource
2016-08-20 13:20:25,065 [Worker-128] INFO  o.e.m.c.i.embedder.EclipseLogger - Using 'UTF-8' encoding to copy filtered resources.
2016-08-20 13:20:25,065 [Worker-128] INFO  o.e.m.c.i.embedder.EclipseLogger - skip non existing resourceDirectory C:\Users\sj265\OneDrive\Documents\GitHub\Java\Codes after Aug 19\restfull\src\test\resources
2016-08-20 13:20:26,241 [Worker-130] INFO  o.e.m.c.i.embedder.EclipseLogger - Using 'UTF-8' encoding to copy filtered resources.
2016-08-20 13:20:26,242 [Worker-130] INFO  o.e.m.c.i.embedder.EclipseLogger - Copying 0 resource
2016-08-20 13:20:26,245 [Worker-130] INFO  o.e.m.c.i.embedder.EclipseLogger - Using 'UTF-8' encoding to copy filtered resources.
2016-08-20 13:20:26,245 [Worker-130] INFO  o.e.m.c.i.embedder.EclipseLogger - skip non existing resourceDirectory C:\Users\sj265\OneDrive\Documents\GitHub\Java\Codes after Aug 19\restfull\src\test\resources
2016-08-20 13:20:47,433 [Worker-133] INFO  o.e.m.c.i.embedder.EclipseLogger - Using 'UTF-8' encoding to copy filtered resources.
2016-08-20 13:20:47,434 [Worker-133] INFO  o.e.m.c.i.embedder.EclipseLogger - Copying 0 resource
2016-08-20 13:20:47,439 [Worker-133] INFO  o.e.m.c.i.embedder.EclipseLogger - Using 'UTF-8' encoding to copy filtered resources.
2016-08-20 13:20:47,440 [Worker-133] INFO  o.e.m.c.i.embedder.EclipseLogger - skip non existing resourceDirectory C:\Users\sj265\OneDrive\Documents\GitHub\Java\Codes after Aug 19\restfull\src\test\resources
2016-08-20 13:21:09,258 [Worker-130] INFO  o.e.m.c.i.l.LifecycleMappingFactory - Using org.maven.ide.eclipse.wtp.WarLifecycleMapping lifecycle mapping for MavenProject: org.javaiw:restfull:0.0.1-SNAPSHOT @ C:\Users\sj265\OneDrive\Documents\GitHub\Java\Codes after Aug 19\restfull\pom.xml.
2016-08-20 13:21:09,815 [Worker-130] INFO  o.e.m.c.i.embedder.EclipseLogger - Using 'UTF-8' encoding to copy filtered resources.
2016-08-20 13:21:09,815 [Worker-130] INFO  o.e.m.c.i.embedder.EclipseLogger - Copying 0 resource
2016-08-20 13:21:09,816 [Worker-130] INFO  o.e.m.c.i.embedder.EclipseLogger - Using 'UTF-8' encoding to copy filtered resources.
2016-08-20 13:21:09,840 [Worker-130] INFO  o.e.m.c.i.embedder.EclipseLogger - skip non existing resourceDirectory C:\Users\sj265\OneDrive\Documents\GitHub\Java\Codes after Aug 19\restfull\src\test\resources
2016-08-20 13:21:09,844 [Worker-130] INFO  o.e.m.w.i.f.ResourceFilteringBuildParticipant - Changed resources require a complete clean of filtered resources of restfull
2016-08-20 13:21:09,854 [Worker-130] INFO  o.e.m.w.i.f.ResourceFilteringBuildParticipant - Executing resource filtering for restfull
2016-08-20 13:21:09,858 [Worker-130] INFO  o.e.m.c.i.embedder.EclipseLogger - Using 'UTF-8' encoding to copy filtered resources.
2016-08-20 13:21:11,240 [Worker-122] INFO  o.e.m.c.i.embedder.EclipseLogger - Using 'UTF-8' encoding to copy filtered resources.
2016-08-20 13:21:11,241 [Worker-122] INFO  o.e.m.c.i.embedder.EclipseLogger - Copying 0 resource
2016-08-20 13:21:11,242 [Worker-122] INFO  o.e.m.c.i.embedder.EclipseLogger - Using 'UTF-8' encoding to copy filtered resources.
2016-08-20 13:21:11,242 [Worker-122] INFO  o.e.m.c.i.embedder.EclipseLogger - skip non existing resourceDirectory C:\Users\sj265\OneDrive\Documents\GitHub\Java\Codes after Aug 19\restfull\src\test\resources
2016-08-20 13:42:02,728 [Worker-132] INFO  o.e.m.c.i.embedder.EclipseLogger - Using 'UTF-8' encoding to copy filtered resources.
2016-08-20 13:42:02,729 [Worker-132] INFO  o.e.m.c.i.embedder.EclipseLogger - Copying 0 resource
2016-08-20 13:42:02,735 [Worker-132] INFO  o.e.m.c.i.embedder.EclipseLogger - Using 'UTF-8' encoding to copy filtered resources.
2016-08-20 13:42:02,735 [Worker-132] INFO  o.e.m.c.i.embedder.EclipseLogger - skip non existing resourceDirectory C:\Users\sj265\OneDrive\Documents\GitHub\Java\Codes after Aug 19\restfull\src\test\resources
2016-08-20 13:42:43,536 [Worker-138] INFO  o.e.m.c.i.embedder.EclipseLogger - Using 'UTF-8' encoding to copy filtered resources.
2016-08-20 13:42:43,537 [Worker-138] INFO  o.e.m.c.i.embedder.EclipseLogger - Copying 0 resource
2016-08-20 13:42:43,538 [Worker-138] INFO  o.e.m.c.i.embedder.EclipseLogger - Using 'UTF-8' encoding to copy filtered resources.
2016-08-20 13:42:43,538 [Worker-138] INFO  o.e.m.c.i.embedder.EclipseLogger - skip non existing resourceDirectory C:\Users\sj265\OneDrive\Documents\GitHub\Java\Codes after Aug 19\restfull\src\test\resources
2016-08-20 13:43:42,305 [Worker-132] INFO  o.e.m.c.i.embedder.EclipseLogger - Using 'UTF-8' encoding to copy filtered resources.
2016-08-20 13:43:42,306 [Worker-132] INFO  o.e.m.c.i.embedder.EclipseLogger - Copying 0 resource
2016-08-20 13:43:42,313 [Worker-132] INFO  o.e.m.c.i.embedder.EclipseLogger - Using 'UTF-8' encoding to copy filtered resources.
2016-08-20 13:43:42,313 [Worker-132] INFO  o.e.m.c.i.embedder.EclipseLogger - skip non existing resourceDirectory C:\Users\sj265\OneDrive\Documents\GitHub\Java\Codes after Aug 19\restfull\src\test\resources
2016-08-20 13:43:55,754 [Worker-132] INFO  o.e.m.c.i.embedder.EclipseLogger - Using 'UTF-8' encoding to copy filtered resources.
2016-08-20 13:43:55,755 [Worker-132] INFO  o.e.m.c.i.embedder.EclipseLogger - Copying 0 resource
2016-08-20 13:43:55,756 [Worker-132] INFO  o.e.m.c.i.embedder.EclipseLogger - Using 'UTF-8' encoding to copy filtered resources.
2016-08-20 13:43:55,756 [Worker-132] INFO  o.e.m.c.i.embedder.EclipseLogger - skip non existing resourceDirectory C:\Users\sj265\OneDrive\Documents\GitHub\Java\Codes after Aug 19\restfull\src\test\resources
2016-08-20 13:44:48,748 [Worker-143] INFO  o.e.m.c.i.embedder.EclipseLogger - Using 'UTF-8' encoding to copy filtered resources.
2016-08-20 13:44:48,749 [Worker-143] INFO  o.e.m.c.i.embedder.EclipseLogger - Copying 0 resource
2016-08-20 13:44:48,754 [Worker-143] INFO  o.e.m.c.i.embedder.EclipseLogger - Using 'UTF-8' encoding to copy filtered resources.
2016-08-20 13:44:48,754 [Worker-143] INFO  o.e.m.c.i.embedder.EclipseLogger - skip non existing resourceDirectory C:\Users\sj265\OneDrive\Documents\GitHub\Java\Codes after Aug 19\restfull\src\test\resources
2016-08-20 13:45:03,340 [Worker-132] INFO  o.e.m.c.i.embedder.EclipseLogger - Using 'UTF-8' encoding to copy filtered resources.
2016-08-20 13:45:03,340 [Worker-132] INFO  o.e.m.c.i.embedder.EclipseLogger - Copying 0 resource
2016-08-20 13:45:03,341 [Worker-132] INFO  o.e.m.c.i.embedder.EclipseLogger - Using 'UTF-8' encoding to copy filtered resources.
2016-08-20 13:45:03,342 [Worker-132] INFO  o.e.m.c.i.embedder.EclipseLogger - skip non existing resourceDirectory C:\Users\sj265\OneDrive\Documents\GitHub\Java\Codes after Aug 19\restfull\src\test\resources
2016-08-20 13:46:08,469 [Worker-144] INFO  o.e.m.c.i.embedder.EclipseLogger - Using 'UTF-8' encoding to copy filtered resources.
2016-08-20 13:46:08,470 [Worker-144] INFO  o.e.m.c.i.embedder.EclipseLogger - Copying 0 resource
2016-08-20 13:46:08,494 [Worker-144] INFO  o.e.m.c.i.embedder.EclipseLogger - Using 'UTF-8' encoding to copy filtered resources.
2016-08-20 13:46:08,495 [Worker-144] INFO  o.e.m.c.i.embedder.EclipseLogger - skip non existing resourceDirectory C:\Users\sj265\OneDrive\Documents\GitHub\Java\Codes after Aug 19\restfull\src\test\resources
2016-08-20 13:46:43,159 [Worker-137] INFO  o.e.m.c.i.embedder.EclipseLogger - Using 'UTF-8' encoding to copy filtered resources.
2016-08-20 13:46:43,160 [Worker-137] INFO  o.e.m.c.i.embedder.EclipseLogger - Copying 0 resource
2016-08-20 13:46:43,166 [Worker-137] INFO  o.e.m.c.i.embedder.EclipseLogger - Using 'UTF-8' encoding to copy filtered resources.
2016-08-20 13:46:43,169 [Worker-137] INFO  o.e.m.c.i.embedder.EclipseLogger - skip non existing resourceDirectory C:\Users\sj265\OneDrive\Documents\GitHub\Java\Codes after Aug 19\restfull\src\test\resources
2016-08-20 13:47:30,379 [Worker-143] INFO  o.e.m.c.i.embedder.EclipseLogger - Using 'UTF-8' encoding to copy filtered resources.
2016-08-20 13:47:30,380 [Worker-143] INFO  o.e.m.c.i.embedder.EclipseLogger - Copying 0 resource
2016-08-20 13:47:30,393 [Worker-143] INFO  o.e.m.c.i.embedder.EclipseLogger - Using 'UTF-8' encoding to copy filtered resources.
2016-08-20 13:47:30,393 [Worker-143] INFO  o.e.m.c.i.embedder.EclipseLogger - skip non existing resourceDirectory C:\Users\sj265\OneDrive\Documents\GitHub\Java\Codes after Aug 19\restfull\src\test\resources
2016-08-20 13:47:38,155 [Worker-139] INFO  o.e.m.c.i.embedder.EclipseLogger - Using 'UTF-8' encoding to copy filtered resources.
2016-08-20 13:47:38,157 [Worker-139] INFO  o.e.m.c.i.embedder.EclipseLogger - Copying 0 resource
2016-08-20 13:47:38,160 [Worker-139] INFO  o.e.m.c.i.embedder.EclipseLogger - Using 'UTF-8' encoding to copy filtered resources.
2016-08-20 13:47:38,160 [Worker-139] INFO  o.e.m.c.i.embedder.EclipseLogger - skip non existing resourceDirectory C:\Users\sj265\OneDrive\Documents\GitHub\Java\Codes after Aug 19\restfull\src\test\resources
2016-08-20 13:47:58,465 [Worker-139] INFO  o.e.m.c.i.embedder.EclipseLogger - Using 'UTF-8' encoding to copy filtered resources.
2016-08-20 13:47:58,466 [Worker-139] INFO  o.e.m.c.i.embedder.EclipseLogger - Copying 0 resource
2016-08-20 13:47:58,474 [Worker-139] INFO  o.e.m.c.i.embedder.EclipseLogger - Using 'UTF-8' encoding to copy filtered resources.
2016-08-20 13:47:58,474 [Worker-139] INFO  o.e.m.c.i.embedder.EclipseLogger - skip non existing resourceDirectory C:\Users\sj265\OneDrive\Documents\GitHub\Java\Codes after Aug 19\restfull\src\test\resources
2016-08-20 13:49:20,303 [Worker-141] INFO  o.e.m.c.i.embedder.EclipseLogger - Using 'UTF-8' encoding to copy filtered resources.
2016-08-20 13:49:20,303 [Worker-141] INFO  o.e.m.c.i.embedder.EclipseLogger - Copying 0 resource
2016-08-20 13:49:20,304 [Worker-141] INFO  o.e.m.c.i.embedder.EclipseLogger - Using 'UTF-8' encoding to copy filtered resources.
2016-08-20 13:49:20,304 [Worker-141] INFO  o.e.m.c.i.embedder.EclipseLogger - skip non existing resourceDirectory C:\Users\sj265\OneDrive\Documents\GitHub\Java\Codes after Aug 19\restfull\src\test\resources
2016-08-20 13:50:04,005 [Worker-143] INFO  o.e.m.c.i.embedder.EclipseLogger - Using 'UTF-8' encoding to copy filtered resources.
2016-08-20 13:50:04,006 [Worker-143] INFO  o.e.m.c.i.embedder.EclipseLogger - Copying 0 resource
2016-08-20 13:50:04,024 [Worker-143] INFO  o.e.m.c.i.embedder.EclipseLogger - Using 'UTF-8' encoding to copy filtered resources.
2016-08-20 13:50:04,025 [Worker-143] INFO  o.e.m.c.i.embedder.EclipseLogger - skip non existing resourceDirectory C:\Users\sj265\OneDrive\Documents\GitHub\Java\Codes after Aug 19\restfull\src\test\resources
2016-08-20 14:19:18,005 [Worker-154] INFO  o.e.m.c.i.embedder.EclipseLogger - Using 'UTF-8' encoding to copy filtered resources.
2016-08-20 14:19:18,006 [Worker-154] INFO  o.e.m.c.i.embedder.EclipseLogger - Copying 0 resource
2016-08-20 14:19:18,008 [Worker-154] INFO  o.e.m.c.i.embedder.EclipseLogger - Using 'UTF-8' encoding to copy filtered resources.
2016-08-20 14:19:18,008 [Worker-154] INFO  o.e.m.c.i.embedder.EclipseLogger - skip non existing resourceDirectory C:\Users\sj265\OneDrive\Documents\GitHub\Java\Codes after Aug 19\restfull\src\test\resources
2016-08-20 14:19:32,050 [Worker-156] INFO  o.e.m.c.i.embedder.EclipseLogger - Using 'UTF-8' encoding to copy filtered resources.
2016-08-20 14:19:32,051 [Worker-156] INFO  o.e.m.c.i.embedder.EclipseLogger - Copying 0 resource
2016-08-20 14:19:32,059 [Worker-156] INFO  o.e.m.c.i.embedder.EclipseLogger - Using 'UTF-8' encoding to copy filtered resources.
2016-08-20 14:19:32,059 [Worker-156] INFO  o.e.m.c.i.embedder.EclipseLogger - skip non existing resourceDirectory C:\Users\sj265\OneDrive\Documents\GitHub\Java\Codes after Aug 19\restfull\src\test\resources
2016-08-20 14:19:43,867 [Worker-153] INFO  o.e.m.c.i.embedder.EclipseLogger - Using 'UTF-8' encoding to copy filtered resources.
2016-08-20 14:19:43,868 [Worker-153] INFO  o.e.m.c.i.embedder.EclipseLogger - Copying 0 resource
2016-08-20 14:19:43,869 [Worker-153] INFO  o.e.m.c.i.embedder.EclipseLogger - Using 'UTF-8' encoding to copy filtered resources.
2016-08-20 14:19:43,869 [Worker-153] INFO  o.e.m.c.i.embedder.EclipseLogger - skip non existing resourceDirectory C:\Users\sj265\OneDrive\Documents\GitHub\Java\Codes after Aug 19\restfull\src\test\resources
2016-08-20 14:20:17,351 [Worker-155] INFO  o.e.m.c.i.embedder.EclipseLogger - Using 'UTF-8' encoding to copy filtered resources.
2016-08-20 14:20:17,352 [Worker-155] INFO  o.e.m.c.i.embedder.EclipseLogger - Copying 0 resource
2016-08-20 14:20:17,356 [Worker-155] INFO  o.e.m.c.i.embedder.EclipseLogger - Using 'UTF-8' encoding to copy filtered resources.
2016-08-20 14:20:17,356 [Worker-155] INFO  o.e.m.c.i.embedder.EclipseLogger - skip non existing resourceDirectory C:\Users\sj265\OneDrive\Documents\GitHub\Java\Codes after Aug 19\restfull\src\test\resources
2016-08-20 14:20:42,825 [Worker-150] INFO  o.e.m.c.i.embedder.EclipseLogger - Using 'UTF-8' encoding to copy filtered resources.
2016-08-20 14:20:42,825 [Worker-150] INFO  o.e.m.c.i.embedder.EclipseLogger - Copying 0 resource
2016-08-20 14:20:42,827 [Worker-150] INFO  o.e.m.c.i.embedder.EclipseLogger - Using 'UTF-8' encoding to copy filtered resources.
2016-08-20 14:20:42,827 [Worker-150] INFO  o.e.m.c.i.embedder.EclipseLogger - skip non existing resourceDirectory C:\Users\sj265\OneDrive\Documents\GitHub\Java\Codes after Aug 19\restfull\src\test\resources
2016-08-20 14:23:02,778 [Worker-153] INFO  o.e.m.c.i.embedder.EclipseLogger - Using 'UTF-8' encoding to copy filtered resources.
2016-08-20 14:23:02,779 [Worker-153] INFO  o.e.m.c.i.embedder.EclipseLogger - Copying 0 resource
2016-08-20 14:23:02,784 [Worker-153] INFO  o.e.m.c.i.embedder.EclipseLogger - Using 'UTF-8' encoding to copy filtered resources.
2016-08-20 14:23:02,784 [Worker-153] INFO  o.e.m.c.i.embedder.EclipseLogger - skip non existing resourceDirectory C:\Users\sj265\OneDrive\Documents\GitHub\Java\Codes after Aug 19\restfull\src\test\resources
2016-08-20 14:25:17,087 [Worker-157] INFO  o.e.m.c.i.embedder.EclipseLogger - Using 'UTF-8' encoding to copy filtered resources.
2016-08-20 14:25:17,087 [Worker-157] INFO  o.e.m.c.i.embedder.EclipseLogger - Copying 0 resource
2016-08-20 14:25:17,088 [Worker-157] INFO  o.e.m.c.i.embedder.EclipseLogger - Using 'UTF-8' encoding to copy filtered resources.
2016-08-20 14:25:17,088 [Worker-157] INFO  o.e.m.c.i.embedder.EclipseLogger - skip non existing resourceDirectory C:\Users\sj265\OneDrive\Documents\GitHub\Java\Codes after Aug 19\restfull\src\test\resources
2016-08-20 14:25:31,583 [Worker-157] INFO  o.e.m.c.i.embedder.EclipseLogger - Using 'UTF-8' encoding to copy filtered resources.
2016-08-20 14:25:31,584 [Worker-157] INFO  o.e.m.c.i.embedder.EclipseLogger - Copying 0 resource
2016-08-20 14:25:31,591 [Worker-157] INFO  o.e.m.c.i.embedder.EclipseLogger - Using 'UTF-8' encoding to copy filtered resources.
2016-08-20 14:25:31,591 [Worker-157] INFO  o.e.m.c.i.embedder.EclipseLogger - skip non existing resourceDirectory C:\Users\sj265\OneDrive\Documents\GitHub\Java\Codes after Aug 19\restfull\src\test\resources
2016-08-20 14:25:36,929 [Worker-156] INFO  o.e.m.c.i.embedder.EclipseLogger - Using 'UTF-8' encoding to copy filtered resources.
2016-08-20 14:25:36,929 [Worker-156] INFO  o.e.m.c.i.embedder.EclipseLogger - Copying 0 resource
2016-08-20 14:25:36,930 [Worker-156] INFO  o.e.m.c.i.embedder.EclipseLogger - Using 'UTF-8' encoding to copy filtered resources.
2016-08-20 14:25:36,930 [Worker-156] INFO  o.e.m.c.i.embedder.EclipseLogger - skip non existing resourceDirectory C:\Users\sj265\OneDrive\Documents\GitHub\Java\Codes after Aug 19\restfull\src\test\resources
2016-08-20 14:25:42,609 [Worker-156] INFO  o.e.m.c.i.embedder.EclipseLogger - Using 'UTF-8' encoding to copy filtered resources.
2016-08-20 14:25:42,610 [Worker-156] INFO  o.e.m.c.i.embedder.EclipseLogger - Copying 0 resource
2016-08-20 14:25:42,615 [Worker-156] INFO  o.e.m.c.i.embedder.EclipseLogger - Using 'UTF-8' encoding to copy filtered resources.
2016-08-20 14:25:42,615 [Worker-156] INFO  o.e.m.c.i.embedder.EclipseLogger - skip non existing resourceDirectory C:\Users\sj265\OneDrive\Documents\GitHub\Java\Codes after Aug 19\restfull\src\test\resources
2016-08-20 14:26:19,699 [Worker-157] INFO  o.e.m.c.i.embedder.EclipseLogger - Using 'UTF-8' encoding to copy filtered resources.
2016-08-20 14:26:19,699 [Worker-157] INFO  o.e.m.c.i.embedder.EclipseLogger - Copying 0 resource
2016-08-20 14:26:19,700 [Worker-157] INFO  o.e.m.c.i.embedder.EclipseLogger - Using 'UTF-8' encoding to copy filtered resources.
2016-08-20 14:26:19,700 [Worker-157] INFO  o.e.m.c.i.embedder.EclipseLogger - skip non existing resourceDirectory C:\Users\sj265\OneDrive\Documents\GitHub\Java\Codes after Aug 19\restfull\src\test\resources
2016-08-20 14:26:33,773 [Worker-158] INFO  o.e.m.c.i.embedder.EclipseLogger - Using 'UTF-8' encoding to copy filtered resources.
2016-08-20 14:26:33,774 [Worker-158] INFO  o.e.m.c.i.embedder.EclipseLogger - Copying 0 resource
2016-08-20 14:26:33,779 [Worker-158] INFO  o.e.m.c.i.embedder.EclipseLogger - Using 'UTF-8' encoding to copy filtered resources.
2016-08-20 14:26:33,779 [Worker-158] INFO  o.e.m.c.i.embedder.EclipseLogger - skip non existing resourceDirectory C:\Users\sj265\OneDrive\Documents\GitHub\Java\Codes after Aug 19\restfull\src\test\resources
2016-08-20 14:27:14,120 [Worker-157] INFO  o.e.m.c.i.embedder.EclipseLogger - Using 'UTF-8' encoding to copy filtered resources.
2016-08-20 14:27:14,121 [Worker-157] INFO  o.e.m.c.i.embedder.EclipseLogger - Copying 0 resource
2016-08-20 14:27:14,122 [Worker-157] INFO  o.e.m.c.i.embedder.EclipseLogger - Using 'UTF-8' encoding to copy filtered resources.
2016-08-20 14:27:14,122 [Worker-157] INFO  o.e.m.c.i.embedder.EclipseLogger - skip non existing resourceDirectory C:\Users\sj265\OneDrive\Documents\GitHub\Java\Codes after Aug 19\restfull\src\test\resources
2016-08-20 14:36:06,429 [Worker-165] INFO  o.e.m.c.i.embedder.EclipseLogger - Using 'UTF-8' encoding to copy filtered resources.
2016-08-20 14:36:06,430 [Worker-165] INFO  o.e.m.c.i.embedder.EclipseLogger - Copying 0 resource
2016-08-20 14:36:06,435 [Worker-165] INFO  o.e.m.c.i.embedder.EclipseLogger - Using 'UTF-8' encoding to copy filtered resources.
2016-08-20 14:36:06,435 [Worker-165] INFO  o.e.m.c.i.embedder.EclipseLogger - skip non existing resourceDirectory C:\Users\sj265\OneDrive\Documents\GitHub\Java\Codes after Aug 19\restfull\src\test\resources
2016-08-20 14:36:52,888 [Worker-156] INFO  o.e.m.c.i.embedder.EclipseLogger - Using 'UTF-8' encoding to copy filtered resources.
2016-08-20 14:36:52,889 [Worker-156] INFO  o.e.m.c.i.embedder.EclipseLogger - Copying 0 resource
2016-08-20 14:36:52,890 [Worker-156] INFO  o.e.m.c.i.embedder.EclipseLogger - Using 'UTF-8' encoding to copy filtered resources.
2016-08-20 14:36:52,891 [Worker-156] INFO  o.e.m.c.i.embedder.EclipseLogger - skip non existing resourceDirectory C:\Users\sj265\OneDrive\Documents\GitHub\Java\Codes after Aug 19\restfull\src\test\resources
2016-08-20 14:38:21,021 [Worker-156] INFO  o.e.m.c.i.embedder.EclipseLogger - Using 'UTF-8' encoding to copy filtered resources.
2016-08-20 14:38:21,022 [Worker-156] INFO  o.e.m.c.i.embedder.EclipseLogger - Copying 0 resource
2016-08-20 14:38:21,027 [Worker-156] INFO  o.e.m.c.i.embedder.EclipseLogger - Using 'UTF-8' encoding to copy filtered resources.
2016-08-20 14:38:21,027 [Worker-156] INFO  o.e.m.c.i.embedder.EclipseLogger - skip non existing resourceDirectory C:\Users\sj265\OneDrive\Documents\GitHub\Java\Codes after Aug 19\restfull\src\test\resources
2016-08-20 14:41:07,589 [Worker-173] INFO  o.e.m.c.i.embedder.EclipseLogger - Using 'UTF-8' encoding to copy filtered resources.
2016-08-20 14:41:07,590 [Worker-173] INFO  o.e.m.c.i.embedder.EclipseLogger - Copying 0 resource
2016-08-20 14:41:07,591 [Worker-173] INFO  o.e.m.c.i.embedder.EclipseLogger - Using 'UTF-8' encoding to copy filtered resources.
2016-08-20 14:41:07,591 [Worker-173] INFO  o.e.m.c.i.embedder.EclipseLogger - skip non existing resourceDirectory C:\Users\sj265\OneDrive\Documents\GitHub\Java\Codes after Aug 19\restfull\src\test\resources
2016-08-20 14:41:51,049 [Worker-176] INFO  o.e.m.c.i.embedder.EclipseLogger - Using 'UTF-8' encoding to copy filtered resources.
2016-08-20 14:41:51,050 [Worker-176] INFO  o.e.m.c.i.embedder.EclipseLogger - Copying 0 resource
2016-08-20 14:41:51,054 [Worker-176] INFO  o.e.m.c.i.embedder.EclipseLogger - Using 'UTF-8' encoding to copy filtered resources.
2016-08-20 14:41:51,054 [Worker-176] INFO  o.e.m.c.i.embedder.EclipseLogger - skip non existing resourceDirectory C:\Users\sj265\OneDrive\Documents\GitHub\Java\Codes after Aug 19\restfull\src\test\resources
2016-08-20 14:45:37,671 [Worker-173] INFO  o.e.m.c.i.embedder.EclipseLogger - Using 'UTF-8' encoding to copy filtered resources.
2016-08-20 14:45:37,672 [Worker-173] INFO  o.e.m.c.i.embedder.EclipseLogger - Copying 0 resource
2016-08-20 14:45:37,672 [Worker-173] INFO  o.e.m.c.i.embedder.EclipseLogger - Using 'UTF-8' encoding to copy filtered resources.
2016-08-20 14:45:37,672 [Worker-173] INFO  o.e.m.c.i.embedder.EclipseLogger - skip non existing resourceDirectory C:\Users\sj265\OneDrive\Documents\GitHub\Java\Codes after Aug 19\restfull\src\test\resources
2016-08-20 14:49:59,775 [Worker-186] INFO  o.e.m.c.i.embedder.EclipseLogger - Using 'UTF-8' encoding to copy filtered resources.
2016-08-20 14:49:59,776 [Worker-186] INFO  o.e.m.c.i.embedder.EclipseLogger - Copying 0 resource
2016-08-20 14:49:59,780 [Worker-186] INFO  o.e.m.c.i.embedder.EclipseLogger - Using 'UTF-8' encoding to copy filtered resources.
2016-08-20 14:49:59,780 [Worker-186] INFO  o.e.m.c.i.embedder.EclipseLogger - skip non existing resourceDirectory C:\Users\sj265\OneDrive\Documents\GitHub\Java\Codes after Aug 19\restfull\src\test\resources
2016-08-20 14:55:40,755 [Worker-189] INFO  o.e.m.c.i.embedder.EclipseLogger - Using 'UTF-8' encoding to copy filtered resources.
2016-08-20 14:55:40,755 [Worker-189] INFO  o.e.m.c.i.embedder.EclipseLogger - Copying 0 resource
2016-08-20 14:55:40,756 [Worker-189] INFO  o.e.m.c.i.embedder.EclipseLogger - Using 'UTF-8' encoding to copy filtered resources.
2016-08-20 14:55:40,756 [Worker-189] INFO  o.e.m.c.i.embedder.EclipseLogger - skip non existing resourceDirectory C:\Users\sj265\OneDrive\Documents\GitHub\Java\Codes after Aug 19\restfull\src\test\resources
2016-08-20 14:58:28,096 [Worker-186] INFO  o.e.m.c.i.embedder.EclipseLogger - Using 'UTF-8' encoding to copy filtered resources.
2016-08-20 14:58:28,097 [Worker-186] INFO  o.e.m.c.i.embedder.EclipseLogger - Copying 0 resource
2016-08-20 14:58:28,101 [Worker-186] INFO  o.e.m.c.i.embedder.EclipseLogger - Using 'UTF-8' encoding to copy filtered resources.
2016-08-20 14:58:28,102 [Worker-186] INFO  o.e.m.c.i.embedder.EclipseLogger - skip non existing resourceDirectory C:\Users\sj265\OneDrive\Documents\GitHub\Java\Codes after Aug 19\restfull\src\test\resources
2016-08-20 15:00:27,820 [Worker-189] INFO  o.e.m.c.i.embedder.EclipseLogger - Using 'UTF-8' encoding to copy filtered resources.
2016-08-20 15:00:27,821 [Worker-189] INFO  o.e.m.c.i.embedder.EclipseLogger - Copying 0 resource
2016-08-20 15:00:27,821 [Worker-189] INFO  o.e.m.c.i.embedder.EclipseLogger - Using 'UTF-8' encoding to copy filtered resources.
2016-08-20 15:00:27,822 [Worker-189] INFO  o.e.m.c.i.embedder.EclipseLogger - skip non existing resourceDirectory C:\Users\sj265\OneDrive\Documents\GitHub\Java\Codes after Aug 19\restfull\src\test\resources
2016-08-20 15:01:50,355 [Worker-193] INFO  o.e.m.c.i.embedder.EclipseLogger - Using 'UTF-8' encoding to copy filtered resources.
2016-08-20 15:01:50,356 [Worker-193] INFO  o.e.m.c.i.embedder.EclipseLogger - Copying 0 resource
2016-08-20 15:01:50,362 [Worker-193] INFO  o.e.m.c.i.embedder.EclipseLogger - Using 'UTF-8' encoding to copy filtered resources.
2016-08-20 15:01:50,362 [Worker-193] INFO  o.e.m.c.i.embedder.EclipseLogger - skip non existing resourceDirectory C:\Users\sj265\OneDrive\Documents\GitHub\Java\Codes after Aug 19\restfull\src\test\resources
2016-08-20 15:27:29,456 [Worker-212] INFO  o.e.m.c.i.embedder.EclipseLogger - Using 'UTF-8' encoding to copy filtered resources.
2016-08-20 15:27:29,456 [Worker-212] INFO  o.e.m.c.i.embedder.EclipseLogger - Copying 0 resource
2016-08-20 15:27:29,457 [Worker-212] INFO  o.e.m.c.i.embedder.EclipseLogger - Using 'UTF-8' encoding to copy filtered resources.
2016-08-20 15:27:29,457 [Worker-212] INFO  o.e.m.c.i.embedder.EclipseLogger - skip non existing resourceDirectory C:\Users\sj265\OneDrive\Documents\GitHub\Java\Codes after Aug 19\restfull\src\test\resources
2016-08-20 15:36:42,932 [Worker-222] INFO  o.e.m.c.i.embedder.EclipseLogger - Using 'UTF-8' encoding to copy filtered resources.
2016-08-20 15:36:42,933 [Worker-222] INFO  o.e.m.c.i.embedder.EclipseLogger - Copying 0 resource
2016-08-20 15:36:42,940 [Worker-222] INFO  o.e.m.c.i.embedder.EclipseLogger - Using 'UTF-8' encoding to copy filtered resources.
2016-08-20 15:36:42,940 [Worker-222] INFO  o.e.m.c.i.embedder.EclipseLogger - skip non existing resourceDirectory C:\Users\sj265\OneDrive\Documents\GitHub\Java\Codes after Aug 19\restfull\src\test\resources
2016-08-20 15:37:03,449 [Worker-222] INFO  o.e.m.c.i.embedder.EclipseLogger - Using 'UTF-8' encoding to copy filtered resources.
2016-08-20 15:37:03,450 [Worker-222] INFO  o.e.m.c.i.embedder.EclipseLogger - Copying 0 resource
2016-08-20 15:37:03,451 [Worker-222] INFO  o.e.m.c.i.embedder.EclipseLogger - Using 'UTF-8' encoding to copy filtered resources.
2016-08-20 15:37:03,451 [Worker-222] INFO  o.e.m.c.i.embedder.EclipseLogger - skip non existing resourceDirectory C:\Users\sj265\OneDrive\Documents\GitHub\Java\Codes after Aug 19\restfull\src\test\resources
2016-08-20 15:41:38,751 [Worker-225] INFO  o.e.m.c.i.embedder.EclipseLogger - Using 'UTF-8' encoding to copy filtered resources.
2016-08-20 15:41:38,752 [Worker-225] INFO  o.e.m.c.i.embedder.EclipseLogger - Copying 0 resource
2016-08-20 15:41:38,756 [Worker-225] INFO  o.e.m.c.i.embedder.EclipseLogger - Using 'UTF-8' encoding to copy filtered resources.
2016-08-20 15:41:38,756 [Worker-225] INFO  o.e.m.c.i.embedder.EclipseLogger - skip non existing resourceDirectory C:\Users\sj265\OneDrive\Documents\GitHub\Java\Codes after Aug 19\restfull\src\test\resources
2016-08-20 15:43:43,861 [Worker-224] INFO  o.e.m.c.i.embedder.EclipseLogger - Using 'UTF-8' encoding to copy filtered resources.
2016-08-20 15:43:43,861 [Worker-224] INFO  o.e.m.c.i.embedder.EclipseLogger - Copying 0 resource
2016-08-20 15:43:43,862 [Worker-224] INFO  o.e.m.c.i.embedder.EclipseLogger - Using 'UTF-8' encoding to copy filtered resources.
2016-08-20 15:43:43,863 [Worker-224] INFO  o.e.m.c.i.embedder.EclipseLogger - skip non existing resourceDirectory C:\Users\sj265\OneDrive\Documents\GitHub\Java\Codes after Aug 19\restfull\src\test\resources
2016-08-20 16:09:06,795 [Worker-229] INFO  o.e.m.c.i.embedder.EclipseLogger - Using 'UTF-8' encoding to copy filtered resources.
2016-08-20 16:09:06,796 [Worker-229] INFO  o.e.m.c.i.embedder.EclipseLogger - Copying 0 resource
2016-08-20 16:09:06,804 [Worker-229] INFO  o.e.m.c.i.embedder.EclipseLogger - Using 'UTF-8' encoding to copy filtered resources.
2016-08-20 16:09:06,804 [Worker-229] INFO  o.e.m.c.i.embedder.EclipseLogger - skip non existing resourceDirectory C:\Users\sj265\OneDrive\Documents\GitHub\Java\Codes after Aug 19\restfull\src\test\resources
2016-08-20 16:13:00,117 [Worker-4] INFO  o.e.m.c.i.embedder.EclipseLogger - Using 'UTF-8' encoding to copy filtered resources.
2016-08-20 16:13:00,161 [Worker-4] INFO  o.e.m.c.i.embedder.EclipseLogger - Copying 0 resource
2016-08-20 16:13:00,164 [Worker-4] INFO  o.e.m.c.i.embedder.EclipseLogger - Using 'UTF-8' encoding to copy filtered resources.
2016-08-20 16:13:00,165 [Worker-4] INFO  o.e.m.c.i.embedder.EclipseLogger - skip non existing resourceDirectory C:\Users\sj265\OneDrive\Documents\GitHub\Java\Codes after Aug 19\rest01\src\test\resources
2016-08-20 16:13:03,537 [Worker-7] INFO  o.e.m.c.i.embedder.EclipseLogger - Using 'UTF-8' encoding to copy filtered resources.
2016-08-20 16:13:03,577 [Worker-7] INFO  o.e.m.c.i.embedder.EclipseLogger - Copying 0 resource
2016-08-20 16:13:03,579 [Worker-7] INFO  o.e.m.c.i.embedder.EclipseLogger - Using 'UTF-8' encoding to copy filtered resources.
2016-08-20 16:13:03,579 [Worker-7] INFO  o.e.m.c.i.embedder.EclipseLogger - skip non existing resourceDirectory C:\Users\sj265\OneDrive\Documents\GitHub\Java\Raw data - Examples of Maven trial Aug 18\rest1\src\test\resources
2016-08-20 16:13:05,266 [Worker-7] INFO  o.e.m.c.i.l.LifecycleMappingFactory - Using org.maven.ide.eclipse.wtp.WarLifecycleMapping lifecycle mapping for MavenProject: org.javaiw:rest123:0.0.1-SNAPSHOT @ C:\Users\sj265\OneDrive\Documents\GitHub\Java\Codes after Aug 19\rest123\pom.xml.
2016-08-20 16:13:08,270 [Worker-7] INFO  o.e.m.c.i.embedder.EclipseLogger - Using 'UTF-8' encoding to copy filtered resources.
2016-08-20 16:13:08,271 [Worker-7] INFO  o.e.m.c.i.embedder.EclipseLogger - Copying 0 resource
2016-08-20 16:13:08,272 [Worker-7] INFO  o.e.m.c.i.embedder.EclipseLogger - Using 'UTF-8' encoding to copy filtered resources.
2016-08-20 16:13:08,273 [Worker-7] INFO  o.e.m.c.i.embedder.EclipseLogger - skip non existing resourceDirectory C:\Users\sj265\OneDrive\Documents\GitHub\Java\Codes after Aug 19\rest123\src\test\resources
2016-08-20 16:13:08,908 [Worker-13] INFO  o.e.m.c.i.l.LifecycleMappingFactory - Using org.maven.ide.eclipse.wtp.WarLifecycleMapping lifecycle mapping for MavenProject: org.javaiw:restfull:0.0.1-SNAPSHOT @ C:\Users\sj265\OneDrive\Documents\GitHub\Java\Codes after Aug 19\restfull\pom.xml.
2016-08-20 16:13:10,072 [Worker-13] INFO  o.e.m.c.i.embedder.EclipseLogger - Using 'UTF-8' encoding to copy filtered resources.
2016-08-20 16:13:10,072 [Worker-13] INFO  o.e.m.c.i.embedder.EclipseLogger - Copying 0 resource
2016-08-20 16:13:10,218 [Worker-13] INFO  o.e.m.c.i.embedder.EclipseLogger - Using 'UTF-8' encoding to copy filtered resources.
2016-08-20 16:13:10,219 [Worker-13] INFO  o.e.m.c.i.embedder.EclipseLogger - skip non existing resourceDirectory C:\Users\sj265\OneDrive\Documents\GitHub\Java\Codes after Aug 19\restfull\src\test\resources
2016-08-20 16:15:31,705 [Worker-9] INFO  o.e.m.c.i.embedder.EclipseLogger - Using 'UTF-8' encoding to copy filtered resources.
2016-08-20 16:15:31,714 [Worker-9] INFO  o.e.m.c.i.embedder.EclipseLogger - Copying 0 resource
2016-08-20 16:15:31,718 [Worker-9] INFO  o.e.m.c.i.embedder.EclipseLogger - Using 'UTF-8' encoding to copy filtered resources.
2016-08-20 16:15:31,718 [Worker-9] INFO  o.e.m.c.i.embedder.EclipseLogger - skip non existing resourceDirectory C:\Users\sj265\OneDrive\Documents\GitHub\Java\Codes after Aug 19\rest01\src\test\resources
2016-08-20 16:15:32,585 [Worker-11] INFO  o.e.m.c.i.embedder.EclipseLogger - Using 'UTF-8' encoding to copy filtered resources.
2016-08-20 16:15:32,586 [Worker-11] INFO  o.e.m.c.i.embedder.EclipseLogger - Copying 0 resource
2016-08-20 16:15:32,587 [Worker-11] INFO  o.e.m.c.i.embedder.EclipseLogger - Using 'UTF-8' encoding to copy filtered resources.
2016-08-20 16:15:32,588 [Worker-11] INFO  o.e.m.c.i.embedder.EclipseLogger - skip non existing resourceDirectory C:\Users\sj265\OneDrive\Documents\GitHub\Java\Raw data - Examples of Maven trial Aug 18\rest1\src\test\resources
2016-08-20 16:15:32,853 [Worker-11] INFO  o.e.m.c.i.embedder.EclipseLogger - Using 'UTF-8' encoding to copy filtered resources.
2016-08-20 16:15:32,854 [Worker-11] INFO  o.e.m.c.i.embedder.EclipseLogger - Copying 0 resource
2016-08-20 16:15:32,862 [Worker-11] INFO  o.e.m.c.i.embedder.EclipseLogger - Using 'UTF-8' encoding to copy filtered resources.
2016-08-20 16:15:32,862 [Worker-11] INFO  o.e.m.c.i.embedder.EclipseLogger - skip non existing resourceDirectory C:\Users\sj265\OneDrive\Documents\GitHub\Java\Codes after Aug 19\rest123\src\test\resources
2016-08-20 16:15:33,121 [Worker-11] INFO  o.e.m.c.i.embedder.EclipseLogger - Using 'UTF-8' encoding to copy filtered resources.
2016-08-20 16:15:33,122 [Worker-11] INFO  o.e.m.c.i.embedder.EclipseLogger - Copying 0 resource
2016-08-20 16:15:33,124 [Worker-11] INFO  o.e.m.c.i.embedder.EclipseLogger - Using 'UTF-8' encoding to copy filtered resources.
2016-08-20 16:15:33,124 [Worker-11] INFO  o.e.m.c.i.embedder.EclipseLogger - skip non existing resourceDirectory C:\Users\sj265\OneDrive\Documents\GitHub\Java\Codes after Aug 19\restfull\src\test\resources
2016-08-20 16:30:31,927 [Worker-6] INFO  o.e.m.c.i.embedder.EclipseLogger - Using 'UTF-8' encoding to copy filtered resources.
2016-08-20 16:30:31,935 [Worker-6] INFO  o.e.m.c.i.embedder.EclipseLogger - Copying 0 resource
2016-08-20 16:30:31,938 [Worker-6] INFO  o.e.m.c.i.embedder.EclipseLogger - Using 'UTF-8' encoding to copy filtered resources.
2016-08-20 16:30:31,938 [Worker-6] INFO  o.e.m.c.i.embedder.EclipseLogger - skip non existing resourceDirectory C:\Users\sj265\OneDrive\Documents\GitHub\Java\Codes after Aug 19\rest01\src\test\resources
2016-08-20 16:30:34,943 [Worker-14] INFO  o.e.m.c.i.embedder.EclipseLogger - Using 'UTF-8' encoding to copy filtered resources.
2016-08-20 16:30:34,947 [Worker-14] INFO  o.e.m.c.i.embedder.EclipseLogger - Copying 0 resource
2016-08-20 16:30:34,949 [Worker-14] INFO  o.e.m.c.i.embedder.EclipseLogger - Using 'UTF-8' encoding to copy filtered resources.
2016-08-20 16:30:34,949 [Worker-14] INFO  o.e.m.c.i.embedder.EclipseLogger - skip non existing resourceDirectory C:\Users\sj265\OneDrive\Documents\GitHub\Java\Raw data - Examples of Maven trial Aug 18\rest1\src\test\resources
2016-08-20 16:30:35,334 [Worker-14] INFO  o.e.m.c.i.embedder.EclipseLogger - Using 'UTF-8' encoding to copy filtered resources.
2016-08-20 16:30:35,334 [Worker-14] INFO  o.e.m.c.i.embedder.EclipseLogger - Copying 0 resource
2016-08-20 16:30:35,336 [Worker-14] INFO  o.e.m.c.i.embedder.EclipseLogger - Using 'UTF-8' encoding to copy filtered resources.
2016-08-20 16:30:35,336 [Worker-14] INFO  o.e.m.c.i.embedder.EclipseLogger - skip non existing resourceDirectory C:\Users\sj265\OneDrive\Documents\GitHub\Java\Codes after Aug 19\rest123\src\test\resources
2016-08-20 16:30:35,536 [Worker-14] INFO  o.e.m.c.i.embedder.EclipseLogger - Using 'UTF-8' encoding to copy filtered resources.
2016-08-20 16:30:35,536 [Worker-14] INFO  o.e.m.c.i.embedder.EclipseLogger - Copying 0 resource
2016-08-20 16:30:35,538 [Worker-14] INFO  o.e.m.c.i.embedder.EclipseLogger - Using 'UTF-8' encoding to copy filtered resources.
2016-08-20 16:30:35,538 [Worker-14] INFO  o.e.m.c.i.embedder.EclipseLogger - skip non existing resourceDirectory C:\Users\sj265\OneDrive\Documents\GitHub\Java\Codes after Aug 19\restfull\src\test\resources
2016-08-20 16:30:43,010 [Worker-0] INFO  o.e.m.c.i.embedder.EclipseLogger - Using 'UTF-8' encoding to copy filtered resources.
2016-08-20 16:30:43,045 [Worker-0] INFO  o.e.m.c.i.embedder.EclipseLogger - Copying 0 resource
2016-08-20 16:30:43,046 [Worker-0] INFO  o.e.m.c.i.embedder.EclipseLogger - Using 'UTF-8' encoding to copy filtered resources.
2016-08-20 16:30:43,046 [Worker-0] INFO  o.e.m.c.i.embedder.EclipseLogger - skip non existing resourceDirectory C:\Users\sj265\OneDrive\Documents\GitHub\Java\Codes after Aug 19\restfull\src\test\resources
2016-08-20 16:38:02,025 [Worker-9] INFO  o.e.m.c.i.embedder.EclipseLogger - Using 'UTF-8' encoding to copy filtered resources.
2016-08-20 16:38:02,026 [Worker-9] INFO  o.e.m.c.i.embedder.EclipseLogger - Copying 0 resource
2016-08-20 16:38:02,036 [Worker-9] INFO  o.e.m.c.i.embedder.EclipseLogger - Using 'UTF-8' encoding to copy filtered resources.
2016-08-20 16:38:02,036 [Worker-9] INFO  o.e.m.c.i.embedder.EclipseLogger - skip non existing resourceDirectory C:\Users\sj265\OneDrive\Documents\GitHub\Java\Codes after Aug 19\restfull\src\test\resources
2016-08-20 16:40:22,049 [Worker-18] INFO  o.e.m.c.i.embedder.EclipseLogger - Using 'UTF-8' encoding to copy filtered resources.
2016-08-20 16:40:22,051 [Worker-18] INFO  o.e.m.c.i.embedder.EclipseLogger - Copying 0 resource
2016-08-20 16:40:22,053 [Worker-18] INFO  o.e.m.c.i.embedder.EclipseLogger - Using 'UTF-8' encoding to copy filtered resources.
2016-08-20 16:40:22,053 [Worker-18] INFO  o.e.m.c.i.embedder.EclipseLogger - skip non existing resourceDirectory C:\Users\sj265\OneDrive\Documents\GitHub\Java\Codes after Aug 19\restfull\src\test\resources
2016-08-20 16:40:59,640 [Worker-9] INFO  o.e.m.c.i.embedder.EclipseLogger - Using 'UTF-8' encoding to copy filtered resources.
2016-08-20 16:40:59,640 [Worker-9] INFO  o.e.m.c.i.embedder.EclipseLogger - Copying 0 resource
2016-08-20 16:40:59,648 [Worker-9] INFO  o.e.m.c.i.embedder.EclipseLogger - Using 'UTF-8' encoding to copy filtered resources.
2016-08-20 16:40:59,648 [Worker-9] INFO  o.e.m.c.i.embedder.EclipseLogger - skip non existing resourceDirectory C:\Users\sj265\OneDrive\Documents\GitHub\Java\Codes after Aug 19\restfull\src\test\resources
2016-08-20 16:42:00,105 [Worker-21] INFO  o.e.m.c.i.embedder.EclipseLogger - Using 'UTF-8' encoding to copy filtered resources.
2016-08-20 16:42:00,106 [Worker-21] INFO  o.e.m.c.i.embedder.EclipseLogger - Copying 0 resource
2016-08-20 16:42:00,108 [Worker-21] INFO  o.e.m.c.i.embedder.EclipseLogger - Using 'UTF-8' encoding to copy filtered resources.
2016-08-20 16:42:00,108 [Worker-21] INFO  o.e.m.c.i.embedder.EclipseLogger - skip non existing resourceDirectory C:\Users\sj265\OneDrive\Documents\GitHub\Java\Codes after Aug 19\restfull\src\test\resources
2016-08-20 16:42:30,371 [Worker-21] INFO  o.e.m.c.i.embedder.EclipseLogger - Using 'UTF-8' encoding to copy filtered resources.
2016-08-20 16:42:30,372 [Worker-21] INFO  o.e.m.c.i.embedder.EclipseLogger - Copying 0 resource
2016-08-20 16:42:30,377 [Worker-21] INFO  o.e.m.c.i.embedder.EclipseLogger - Using 'UTF-8' encoding to copy filtered resources.
2016-08-20 16:42:30,377 [Worker-21] INFO  o.e.m.c.i.embedder.EclipseLogger - skip non existing resourceDirectory C:\Users\sj265\OneDrive\Documents\GitHub\Java\Codes after Aug 19\restfull\src\test\resources
2016-08-20 16:42:34,993 [Worker-22] INFO  o.e.m.c.i.embedder.EclipseLogger - Using 'UTF-8' encoding to copy filtered resources.
2016-08-20 16:42:34,994 [Worker-22] INFO  o.e.m.c.i.embedder.EclipseLogger - Copying 0 resource
2016-08-20 16:42:34,995 [Worker-22] INFO  o.e.m.c.i.embedder.EclipseLogger - Using 'UTF-8' encoding to copy filtered resources.
2016-08-20 16:42:34,996 [Worker-22] INFO  o.e.m.c.i.embedder.EclipseLogger - skip non existing resourceDirectory C:\Users\sj265\OneDrive\Documents\GitHub\Java\Codes after Aug 19\restfull\src\test\resources
2016-08-20 16:42:50,147 [Worker-19] INFO  o.e.m.c.i.embedder.EclipseLogger - Using 'UTF-8' encoding to copy filtered resources.
2016-08-20 16:42:50,148 [Worker-19] INFO  o.e.m.c.i.embedder.EclipseLogger - Copying 0 resource
2016-08-20 16:42:50,157 [Worker-19] INFO  o.e.m.c.i.embedder.EclipseLogger - Using 'UTF-8' encoding to copy filtered resources.
2016-08-20 16:42:50,157 [Worker-19] INFO  o.e.m.c.i.embedder.EclipseLogger - skip non existing resourceDirectory C:\Users\sj265\OneDrive\Documents\GitHub\Java\Codes after Aug 19\restfull\src\test\resources
2016-08-20 16:46:57,460 [Worker-14] INFO  o.e.m.c.i.embedder.EclipseLogger - Using 'UTF-8' encoding to copy filtered resources.
2016-08-20 16:46:57,461 [Worker-14] INFO  o.e.m.c.i.embedder.EclipseLogger - Copying 0 resource
2016-08-20 16:46:57,462 [Worker-14] INFO  o.e.m.c.i.embedder.EclipseLogger - Using 'UTF-8' encoding to copy filtered resources.
2016-08-20 16:46:57,462 [Worker-14] INFO  o.e.m.c.i.embedder.EclipseLogger - skip non existing resourceDirectory C:\Users\sj265\OneDrive\Documents\GitHub\Java\Codes after Aug 19\restfull\src\test\resources
2016-08-20 16:48:38,103 [Worker-14] INFO  o.e.m.c.i.embedder.EclipseLogger - Using 'UTF-8' encoding to copy filtered resources.
2016-08-20 16:48:38,104 [Worker-14] INFO  o.e.m.c.i.embedder.EclipseLogger - Copying 0 resource
2016-08-20 16:48:38,109 [Worker-14] INFO  o.e.m.c.i.embedder.EclipseLogger - Using 'UTF-8' encoding to copy filtered resources.
2016-08-20 16:48:38,109 [Worker-14] INFO  o.e.m.c.i.embedder.EclipseLogger - skip non existing resourceDirectory C:\Users\sj265\OneDrive\Documents\GitHub\Java\Codes after Aug 19\restfull\src\test\resources
2016-08-20 17:07:47,104 [Worker-32] INFO  o.e.m.c.i.embedder.EclipseLogger - Using 'UTF-8' encoding to copy filtered resources.
2016-08-20 17:07:47,105 [Worker-32] INFO  o.e.m.c.i.embedder.EclipseLogger - Copying 0 resource
2016-08-20 17:07:47,107 [Worker-32] INFO  o.e.m.c.i.embedder.EclipseLogger - Using 'UTF-8' encoding to copy filtered resources.
2016-08-20 17:07:47,107 [Worker-32] INFO  o.e.m.c.i.embedder.EclipseLogger - skip non existing resourceDirectory C:\Users\sj265\OneDrive\Documents\GitHub\Java\Codes after Aug 19\restfull\src\test\resources
2016-08-20 17:09:30,689 [Worker-34] INFO  o.e.m.c.i.embedder.EclipseLogger - Using 'UTF-8' encoding to copy filtered resources.
2016-08-20 17:09:30,690 [Worker-34] INFO  o.e.m.c.i.embedder.EclipseLogger - Copying 0 resource
2016-08-20 17:09:30,698 [Worker-34] INFO  o.e.m.c.i.embedder.EclipseLogger - Using 'UTF-8' encoding to copy filtered resources.
2016-08-20 17:09:30,698 [Worker-34] INFO  o.e.m.c.i.embedder.EclipseLogger - skip non existing resourceDirectory C:\Users\sj265\OneDrive\Documents\GitHub\Java\Codes after Aug 19\restfull\src\test\resources
2016-08-20 17:09:34,112 [Worker-28] INFO  o.e.m.c.i.embedder.EclipseLogger - Using 'UTF-8' encoding to copy filtered resources.
2016-08-20 17:09:34,113 [Worker-28] INFO  o.e.m.c.i.embedder.EclipseLogger - Copying 0 resource
2016-08-20 17:09:34,115 [Worker-28] INFO  o.e.m.c.i.embedder.EclipseLogger - Using 'UTF-8' encoding to copy filtered resources.
2016-08-20 17:09:34,115 [Worker-28] INFO  o.e.m.c.i.embedder.EclipseLogger - skip non existing resourceDirectory C:\Users\sj265\OneDrive\Documents\GitHub\Java\Codes after Aug 19\restfull\src\test\resources
2016-08-20 17:09:46,561 [Worker-34] INFO  o.e.m.c.i.embedder.EclipseLogger - Using 'UTF-8' encoding to copy filtered resources.
2016-08-20 17:09:46,561 [Worker-34] INFO  o.e.m.c.i.embedder.EclipseLogger - Copying 0 resource
2016-08-20 17:09:46,573 [Worker-34] INFO  o.e.m.c.i.embedder.EclipseLogger - Using 'UTF-8' encoding to copy filtered resources.
2016-08-20 17:09:46,573 [Worker-34] INFO  o.e.m.c.i.embedder.EclipseLogger - skip non existing resourceDirectory C:\Users\sj265\OneDrive\Documents\GitHub\Java\Codes after Aug 19\restfull\src\test\resources
2016-08-20 17:10:10,048 [Worker-35] INFO  o.e.m.c.i.embedder.EclipseLogger - Using 'UTF-8' encoding to copy filtered resources.
2016-08-20 17:10:10,049 [Worker-35] INFO  o.e.m.c.i.embedder.EclipseLogger - Copying 0 resource
2016-08-20 17:10:10,051 [Worker-35] INFO  o.e.m.c.i.embedder.EclipseLogger - Using 'UTF-8' encoding to copy filtered resources.
2016-08-20 17:10:10,051 [Worker-35] INFO  o.e.m.c.i.embedder.EclipseLogger - skip non existing resourceDirectory C:\Users\sj265\OneDrive\Documents\GitHub\Java\Codes after Aug 19\restfull\src\test\resources
2016-08-20 17:12:02,210 [Worker-30] INFO  o.e.m.c.i.embedder.EclipseLogger - Using 'UTF-8' encoding to copy filtered resources.
2016-08-20 17:12:02,211 [Worker-30] INFO  o.e.m.c.i.embedder.EclipseLogger - Copying 0 resource
2016-08-20 17:12:02,215 [Worker-30] INFO  o.e.m.c.i.embedder.EclipseLogger - Using 'UTF-8' encoding to copy filtered resources.
2016-08-20 17:12:02,215 [Worker-30] INFO  o.e.m.c.i.embedder.EclipseLogger - skip non existing resourceDirectory C:\Users\sj265\OneDrive\Documents\GitHub\Java\Codes after Aug 19\restfull\src\test\resources
